
[INFO] 12:25:59 

            ###########################################
                         HadreamAssistant
                   ---Customize Work Assistant---
              (c)2021 Lanzhijiang all rights reserved
                  Email: lanzhijiang@foxmail.com
            ###########################################

         .
[INFO] 12:25:59 HABackendInit: HadreamAssistant start  .
[INFO] 12:25:59 HABackendInit: start self check .
[INFO] 12:25:59 HABackendInit: play the welcome speech(local play)  .
[INFO] 12:26:04 HABackendInit: Start pulseaudio .
[INFO] 12:26:04 HABackendInit: Start three threads .
[INFO] 12:26:04 HASnowboy: snowboy is now running... .
[ERROR] 12:26:04 HAInit: keyboard awaken engine need to be run as root, exit .
[INFO] 12:26:07 HAInit: Detected awaken from snowboy/keyboard .
[INFO] 12:26:07 HAConversation: start new conversation .
[INFO] 12:26:07 HAConversation: start recording command .
[INFO] 12:26:07 HAPlayer: Playing start_recording .
[INFO] 12:26:07 HAPlayer: start_recording play end .
[INFO] 12:26:07 HARecorder: start vad record(record_with_vad module) .
[INFO] 12:26:10 HAPlayer: Playing stop_recording .
[INFO] 12:26:11 HAPlayer: stop_recording play end .
[INFO] 12:26:11 HAConversation: start speech to text .
[INFO] 12:26:11 HAStt: start speech to text .
[INFO] 12:26:16 HAStt: stt request time cost 5.517756 .
[DEBUG] 12:26:16 HAStt: stt response {'corpus_no': '7042151971775505900', 'err_msg': 'success.', 'err_no': 0, 'result': ['帮我预约一个会议。'], 'sn': '605603405621639628776'} .
[INFO] 12:26:16 HANlp: start text ecnet: text-帮我预约一个会议。 .
[INFO] 12:26:17 HAStt: speech recognition result(after text fixing): 帮我预约一个会议。 .
[INFO] 12:26:17 HAConversation: start recognizing the intent and slots .
[INFO] 12:26:17 HANlu: skill intent compared, notion-book_meeting .
[DEBUG] 12:26:17 HANlu: analyze result: [0, 'book_meeting', 'notion', 0] .
[INFO] 12:26:17 HASkillNotion: start search handle_func, intent-book_meeting .
[INFO] 12:26:17 HASkillNotion: start intent_handler-book_meeting .
[INFO] 12:26:18 HATts: tts request succeed .
[INFO] 12:26:18 HAPlayer: Playing say.wav .
[INFO] 12:26:22 HAPlayer: say.wav play end .
[INFO] 12:26:22 HAPlayer: Playing start_recording .
[INFO] 12:26:22 HAPlayer: start_recording play end .
[INFO] 12:26:22 HARecorder: start vad record(record_with_vad module) .
[INFO] 12:26:25 HAPlayer: Playing stop_recording .
[INFO] 12:26:26 HAPlayer: stop_recording play end .
[INFO] 12:26:27 HATts: tts request succeed .
[INFO] 12:26:27 HAPlayer: Playing say.wav .
[INFO] 12:26:32 HAPlayer: say.wav play end .
[INFO] 15:03:02 

            ###########################################
                         HadreamAssistant
                   ---Customize Work Assistant---
              (c)2021 Lanzhijiang all rights reserved
                  Email: lanzhijiang@foxmail.com
            ###########################################

         .
[INFO] 15:03:02 HABackendInit: HadreamAssistant start  .
[INFO] 15:03:02 HABackendInit: start self check .
[INFO] 15:03:02 HABackendInit: play the welcome speech(local play)  .
[INFO] 15:03:06 HABackendInit: Start pulseaudio .
[INFO] 15:03:07 HABackendInit: Start three threads .
[INFO] 15:03:07 HASnowboy: snowboy is now running... .
[ERROR] 15:03:07 HAInit: keyboard awaken engine need to be run as root, exit .
[INFO] 15:05:49 HAInit: Detected awaken from snowboy/keyboard .
[INFO] 15:05:49 HAConversation: start new conversation .
[INFO] 15:05:49 HAConversation: start recording command .
[INFO] 15:05:49 HAPlayer: Playing start_recording .
[INFO] 15:05:49 HAPlayer: start_recording play end .
[INFO] 15:05:49 HARecorder: start vad record(record_with_vad module) .
[INFO] 15:05:54 HAPlayer: Playing stop_recording .
[INFO] 15:05:54 HAPlayer: stop_recording play end .
[INFO] 15:05:54 HAConversation: start speech to text .
[INFO] 15:05:54 HAStt: start speech to text .
[INFO] 15:06:00 HAStt: stt request time cost 5.629338 .
[DEBUG] 15:06:00 HAStt: stt response {'err_msg': '6: No permission to access data', 'err_no': 3302, 'sn': '270236182221639638359'} .
[INFO] 16:03:24 

            ###########################################
                         HadreamAssistant
                   ---Customize Work Assistant---
              (c)2021 Lanzhijiang all rights reserved
                  Email: lanzhijiang@foxmail.com
            ###########################################

         .
[INFO] 16:03:24 HABackendInit: HadreamAssistant start  .
[INFO] 16:03:24 HABackendInit: start self check .
[INFO] 16:03:24 HABackendInit: play the welcome speech(local play)  .
[INFO] 16:03:28 HABackendInit: Start pulseaudio .
[INFO] 16:03:29 HABackendInit: Start three threads .
[INFO] 16:03:29 HASnowboy: snowboy is now running... .
[ERROR] 16:03:29 HAInit: keyboard awaken engine need to be run as root, exit .
[INFO] 16:03:31 HAInit: Detected awaken from snowboy/keyboard .
[INFO] 16:03:31 HAConversation: start new conversation .
[INFO] 16:03:31 HAConversation: start recording command .
[INFO] 16:03:31 HAPlayer: Playing start_recording .
[INFO] 16:03:31 HAPlayer: start_recording play end .
[INFO] 16:03:31 HARecorder: start vad record(record_with_vad module) .
[INFO] 16:03:33 HAPlayer: Playing stop_recording .
[INFO] 16:03:33 HAPlayer: stop_recording play end .
[INFO] 16:03:33 HAConversation: start speech to text .
[INFO] 16:03:33 HAStt: start speech to text .
[INFO] 16:03:39 HAStt: stt request time cost 5.739667 .
[DEBUG] 16:03:39 HAStt: stt response {'corpus_no': '7042207990782362034', 'err_msg': 'success.', 'err_no': 0, 'result': ['帮我留言。'], 'sn': '213768903511639641818'} .
[INFO] 16:03:39 HANlp: start text ecnet: text-帮我留言。 .
[INFO] 16:03:39 HAStt: speech recognition result(after text fixing): 帮我留言。 .
[INFO] 16:03:39 HAConversation: start recognizing the intent and slots .
[INFO] 16:03:39 HANlu: skill intent compared, notion-message .
[INFO] 16:03:39 HANlp: start text lexer: text-帮我留言。 .
[INFO] 16:03:40 HANlp: start lexer result process .
[INFO] 17:43:07 

            ###########################################
                         HadreamAssistant
                   ---Customize Work Assistant---
              (c)2021 Lanzhijiang all rights reserved
                  Email: lanzhijiang@foxmail.com
            ###########################################

         .
[INFO] 17:43:07 HABackendInit: HadreamAssistant start  .
[INFO] 17:43:07 HABackendInit: start self check .
[INFO] 17:43:07 HABackendInit: play the welcome speech(local play)  .
[INFO] 17:43:12 HABackendInit: Start pulseaudio .
[INFO] 17:43:12 HABackendInit: Start three threads .
[INFO] 17:43:12 HASnowboy: snowboy is now running... .
[ERROR] 17:43:12 HAInit: keyboard awaken engine need to be run as root, exit .
[INFO] 17:43:27 HAInit: Detected awaken from snowboy/keyboard .
[INFO] 17:43:27 HAConversation: start new conversation .
[INFO] 17:43:27 HAConversation: start recording command .
[INFO] 17:43:27 HAPlayer: Playing start_recording .
[INFO] 17:43:27 HAPlayer: start_recording play end .
[INFO] 17:43:27 HARecorder: start vad record(record_with_vad module) .
[INFO] 17:43:32 HAPlayer: Playing stop_recording .
[INFO] 17:43:32 HAPlayer: stop_recording play end .
[INFO] 17:43:32 HAConversation: start speech to text .
[INFO] 17:43:32 HAStt: start speech to text .
[INFO] 17:43:38 HAStt: stt request time cost 5.267025 .
[DEBUG] 17:43:38 HAStt: stt response {'corpus_no': '7042233756535803337', 'err_msg': 'success.', 'err_no': 0, 'result': ['过分。'], 'sn': '498359408361639647817'} .
[INFO] 17:43:38 HANlp: start text ecnet: text-过分。 .
[INFO] 17:43:38 HAStt: speech recognition result(after text fixing): 过分。 .
[INFO] 17:43:38 HAConversation: start recognizing the intent and slots .
[DEBUG] 17:43:38 HANlu: analyze result: [0, 'launch', 'tuling', 0] .
[INFO] 17:43:39 HATts: tts request succeed .
[INFO] 17:43:39 HAPlayer: Playing say.wav .
[INFO] 17:43:42 HAPlayer: say.wav play end .
[INFO] 17:44:54 HAInit: Detected awaken from snowboy/keyboard .
[INFO] 17:44:54 HAConversation: start new conversation .
[INFO] 17:44:54 HAConversation: start recording command .
[INFO] 17:44:54 HAPlayer: Playing start_recording .
[INFO] 17:44:54 HAPlayer: start_recording play end .
[INFO] 17:44:54 HARecorder: start vad record(record_with_vad module) .
[INFO] 17:44:57 HAPlayer: Playing stop_recording .
[INFO] 17:44:57 HAPlayer: stop_recording play end .
[INFO] 17:44:57 HAConversation: start speech to text .
[INFO] 17:44:57 HAStt: start speech to text .
[INFO] 17:44:57 HAStt: stt request time cost 0.234332 .
[DEBUG] 17:44:57 HAStt: stt response {'corpus_no': '7042234095447504037', 'err_msg': 'success.', 'err_no': 0, 'result': ['哎。'], 'sn': '25575358781639647897'} .
[INFO] 17:44:57 HANlp: start text ecnet: text-哎。 .
[INFO] 17:44:57 HAStt: speech recognition result(after text fixing): 哎。 .
[INFO] 17:44:57 HAConversation: start recognizing the intent and slots .
[DEBUG] 17:44:57 HANlu: analyze result: [0, 'launch', 'tuling', 0] .
[INFO] 17:44:58 HATts: tts request succeed .
[INFO] 17:44:58 HAPlayer: Playing say.wav .
[INFO] 17:45:01 HAPlayer: say.wav play end .
[INFO] 17:45:09 HAInit: Detected awaken from snowboy/keyboard .
[INFO] 17:45:09 HAConversation: start new conversation .
[INFO] 17:45:09 HAConversation: start recording command .
[INFO] 17:45:09 HAPlayer: Playing start_recording .
[INFO] 17:45:10 HAPlayer: start_recording play end .
[INFO] 17:45:10 HARecorder: start vad record(record_with_vad module) .
[INFO] 17:45:12 HAPlayer: Playing stop_recording .
[INFO] 17:45:12 HAPlayer: stop_recording play end .
[INFO] 17:45:12 HAConversation: start speech to text .
[INFO] 17:45:12 HAStt: start speech to text .
[INFO] 17:45:13 HAStt: stt request time cost 0.622043 .
[DEBUG] 17:45:13 HAStt: stt response {'corpus_no': '7042234160202329440', 'err_msg': 'success.', 'err_no': 0, 'result': ['老邯郸。'], 'sn': '563228033901639647912'} .
[INFO] 17:45:13 HANlp: start text ecnet: text-老邯郸。 .
[INFO] 17:45:13 HAStt: speech recognition result(after text fixing): 老邯郸。 .
[INFO] 17:45:13 HAConversation: start recognizing the intent and slots .
[DEBUG] 17:45:13 HANlu: analyze result: [0, 'launch', 'tuling', 0] .
[INFO] 17:45:15 HATts: tts request succeed .
[INFO] 17:45:15 HAPlayer: Playing say.wav .
[INFO] 17:45:20 HAPlayer: say.wav play end .
[INFO] 17:46:27 HAInit: Detected awaken from snowboy/keyboard .
[INFO] 17:46:27 HAConversation: start new conversation .
[INFO] 17:46:27 HAConversation: start recording command .
[INFO] 17:46:27 HAPlayer: Playing start_recording .
[INFO] 17:46:27 HAPlayer: start_recording play end .
[INFO] 17:46:27 HARecorder: start vad record(record_with_vad module) .
[INFO] 17:46:30 HAPlayer: Playing stop_recording .
[INFO] 17:46:30 HAPlayer: stop_recording play end .
[INFO] 17:46:30 HAConversation: start speech to text .
[INFO] 17:46:30 HAStt: start speech to text .
[INFO] 17:46:31 HAStt: stt request time cost 0.554420 .
[DEBUG] 17:46:31 HAStt: stt response {'corpus_no': '7042234495273362793', 'err_msg': 'success.', 'err_no': 0, 'result': ['帮我预定一个会议。'], 'sn': '860797847271639647990'} .
[INFO] 17:46:31 HANlp: start text ecnet: text-帮我预定一个会议。 .
[INFO] 17:46:31 HAStt: speech recognition result(after text fixing): 帮我预定一个会议。 .
[INFO] 17:46:31 HAConversation: start recognizing the intent and slots .
[INFO] 17:46:31 HANlu: skill intent compared, notion-book_meeting .
[INFO] 17:46:31 HANlp: start text lexer: text-帮我预定一个会议。 .
[INFO] 17:46:31 HANlp: start lexer result process .
[INFO] 17:46:31 HANlu: start filling slot in nlp mode .
[INFO] 17:49:01 

            ###########################################
                         HadreamAssistant
                   ---Customize Work Assistant---
              (c)2021 Lanzhijiang all rights reserved
                  Email: lanzhijiang@foxmail.com
            ###########################################

         .
[INFO] 17:49:01 HABackendInit: HadreamAssistant start  .
[INFO] 17:49:01 HABackendInit: start self check .
[INFO] 17:49:01 HABackendInit: play the welcome speech(local play)  .
[INFO] 17:49:06 HABackendInit: Start pulseaudio .
[INFO] 17:49:06 HABackendInit: Start three threads .
[INFO] 17:49:06 HASnowboy: snowboy is now running... .
[ERROR] 17:49:06 HAInit: keyboard awaken engine need to be run as root, exit .
[INFO] 17:50:59 HAInit: Detected awaken from snowboy/keyboard .
[INFO] 17:50:59 HAConversation: start new conversation .
[INFO] 17:50:59 HAConversation: start recording command .
[INFO] 17:50:59 HAPlayer: Playing start_recording .
[INFO] 17:51:00 HAPlayer: start_recording play end .
[INFO] 17:51:00 HARecorder: start vad record(record_with_vad module) .
[INFO] 17:51:03 HAPlayer: Playing stop_recording .
[INFO] 17:51:04 HAPlayer: stop_recording play end .
[INFO] 17:51:04 HAConversation: start speech to text .
[INFO] 17:51:04 HAStt: start speech to text .
[INFO] 17:51:09 HAStt: stt request time cost 5.296457 .
[DEBUG] 17:51:09 HAStt: stt response {'corpus_no': '7042235693637719052', 'err_msg': 'success.', 'err_no': 0, 'result': ['帮我预定一个会议。'], 'sn': '389792675451639648269'} .
[INFO] 17:51:09 HANlp: start text ecnet: text-帮我预定一个会议。 .
[INFO] 17:51:09 HAStt: speech recognition result(after text fixing): 帮我预定一个会议。 .
[INFO] 17:51:09 HAConversation: start recognizing the intent and slots .
[INFO] 17:51:09 HANlu: skill intent compared, notion-book_meeting .
[INFO] 17:51:09 HANlp: start text lexer: text-帮我预定一个会议。 .
[INFO] 17:51:10 HANlp: start lexer result process .
[INFO] 17:51:10 HANlu: start filling slot-date in nlp mode .
[INFO] 17:52:04 

            ###########################################
                         HadreamAssistant
                   ---Customize Work Assistant---
              (c)2021 Lanzhijiang all rights reserved
                  Email: lanzhijiang@foxmail.com
            ###########################################

         .
[INFO] 17:52:04 HABackendInit: HadreamAssistant start  .
[INFO] 17:52:04 HABackendInit: start self check .
[INFO] 17:52:04 HABackendInit: play the welcome speech(local play)  .
[INFO] 17:52:08 HABackendInit: Start pulseaudio .
[INFO] 17:52:08 HABackendInit: Start three threads .
[INFO] 17:52:08 HASnowboy: snowboy is now running... .
[ERROR] 17:52:08 HAInit: keyboard awaken engine need to be run as root, exit .
[INFO] 17:52:09 HAInit: Detected awaken from snowboy/keyboard .
[INFO] 17:52:09 HAConversation: start new conversation .
[INFO] 17:52:09 HAConversation: start recording command .
[INFO] 17:52:09 HAPlayer: Playing start_recording .
[INFO] 17:52:10 HAPlayer: start_recording play end .
[INFO] 17:52:10 HARecorder: start vad record(record_with_vad module) .
[INFO] 17:52:12 HAPlayer: Playing stop_recording .
[INFO] 17:52:12 HAPlayer: stop_recording play end .
[INFO] 17:52:12 HAConversation: start speech to text .
[INFO] 17:52:12 HAStt: start speech to text .
[INFO] 17:52:18 HAStt: stt request time cost 5.316161 .
[DEBUG] 17:52:18 HAStt: stt response {'corpus_no': '7042235990019179269', 'err_msg': 'success.', 'err_no': 0, 'result': ['帮我预订一个会议。'], 'sn': '487021115421639648338'} .
[INFO] 17:52:18 HANlp: start text ecnet: text-帮我预订一个会议。 .
[INFO] 17:52:18 HAStt: speech recognition result(after text fixing): 帮我预订一个会议。 .
[INFO] 17:52:18 HAConversation: start recognizing the intent and slots .
[INFO] 17:52:18 HANlu: skill intent compared, notion-book_meeting .
[INFO] 17:52:18 HANlp: start text lexer: text-帮我预订一个会议。 .
[INFO] 17:52:19 HANlp: start lexer result process .
[INFO] 17:52:19 HANlu: start filling slot-date in nlp mode .
[INFO] 17:52:19 HANlu: cannot resolve slot from nlp's preset .
[INFO] 17:52:19 HANlu: ask slot is available, start ask slot .
[INFO] 17:52:20 HATts: tts request succeed .
[INFO] 17:52:20 HAPlayer: Playing say.wav .
[INFO] 17:52:23 HAPlayer: say.wav play end .
[INFO] 17:52:23 HAPlayer: Playing start_recording .
[INFO] 17:52:24 HAPlayer: start_recording play end .
[INFO] 17:52:24 HARecorder: start vad record(record_with_vad module) .
[INFO] 17:52:27 HAPlayer: Playing stop_recording .
[INFO] 17:52:28 HAPlayer: stop_recording play end .
[INFO] 17:52:28 HAStt: start speech to text .
[INFO] 17:52:28 HAStt: stt request time cost 0.495350 .
[DEBUG] 17:52:28 HAStt: stt response {'corpus_no': '7042236032915072560', 'err_msg': 'success.', 'err_no': 0, 'result': ['星期六的中午。'], 'sn': '532282605931639648348'} .
[INFO] 17:52:28 HANlp: start text ecnet: text-星期六的中午。 .
[INFO] 17:52:28 HAStt: speech recognition result(after text fixing): 星期六的中午。 .
[INFO] 17:52:28 HANlp: start text lexer: text-星期六的中午。 .
[INFO] 17:52:29 HANlp: start lexer result process .
[INFO] 18:21:55 

            ###########################################
                         HadreamAssistant
                   ---Customize Work Assistant---
              (c)2021 Lanzhijiang all rights reserved
                  Email: lanzhijiang@foxmail.com
            ###########################################

         .
[INFO] 18:21:55 HABackendInit: HadreamAssistant start  .
[INFO] 18:21:55 HABackendInit: start self check .
[INFO] 18:21:55 HABackendInit: play the welcome speech(local play)  .
[INFO] 18:21:59 HABackendInit: Start pulseaudio .
[INFO] 18:22:00 HABackendInit: Start three threads .
[INFO] 18:22:00 HASnowboy: snowboy is now running... .
[ERROR] 18:22:00 HAInit: keyboard awaken engine need to be run as root, exit .
[INFO] 18:22:22 HAInit: Detected awaken from snowboy/keyboard .
[INFO] 18:22:22 HAConversation: start new conversation .
[INFO] 18:22:22 HAConversation: start recording command .
[INFO] 18:22:22 HAPlayer: Playing start_recording .
[INFO] 18:22:22 HAPlayer: start_recording play end .
[INFO] 18:22:22 HARecorder: start vad record(record_with_vad module) .
[INFO] 18:22:26 HAPlayer: Playing stop_recording .
[INFO] 18:22:27 HAPlayer: stop_recording play end .
[INFO] 18:22:27 HAConversation: start speech to text .
[INFO] 18:22:27 HAStt: start speech to text .
[INFO] 18:22:32 HAStt: stt request time cost 5.591380 .
[DEBUG] 18:22:32 HAStt: stt response {'corpus_no': '7042243781059513700', 'err_msg': 'success.', 'err_no': 0, 'result': ['帮我预约一个会议。'], 'sn': '564123864231639650152'} .
[INFO] 18:22:32 HANlp: start text ecnet: text-帮我预约一个会议。 .
[INFO] 18:22:33 HAStt: speech recognition result(after text fixing): 帮我预约一个会议。 .
[INFO] 18:22:33 HAConversation: start recognizing the intent and slots .
[INFO] 18:22:33 HANlu: skill intent compared, notion-book_meeting .
[INFO] 18:22:33 HANlp: start text lexer: text-帮我预约一个会议。 .
[INFO] 18:22:33 HANlp: start lexer result process .
[INFO] 18:22:33 HANlu: start filling slot-date in nlp mode .
[INFO] 18:22:33 HANlu: cannot resolve slot from nlp's preset .
[INFO] 18:22:33 HANlu: ask slot is available, start ask slot .
[INFO] 18:22:34 HATts: tts request succeed .
[INFO] 18:22:34 HAPlayer: Playing say.wav .
[INFO] 18:22:37 HAPlayer: say.wav play end .
[INFO] 18:22:37 HAPlayer: Playing start_recording .
[INFO] 18:22:38 HAPlayer: start_recording play end .
[INFO] 18:22:38 HARecorder: start vad record(record_with_vad module) .
[INFO] 18:22:43 HAPlayer: Playing stop_recording .
[INFO] 18:22:44 HAPlayer: stop_recording play end .
[INFO] 18:22:44 HAStt: start speech to text .
[INFO] 18:22:44 HAStt: stt request time cost 0.676640 .
[DEBUG] 18:22:44 HAStt: stt response {'corpus_no': '7042243832569508180', 'err_msg': 'success.', 'err_no': 0, 'result': ['我想要在星期六晚上八点半的时候举行会议。'], 'sn': '867413675591639650164'} .
[INFO] 18:22:44 HANlp: start text ecnet: text-我想要在星期六晚上八点半的时候举行会议。 .
[INFO] 18:22:45 HAStt: speech recognition result(after text fixing): 我想要在星期六晚上八点半的时候举行会议。 .
[INFO] 18:22:45 HANlp: start text lexer: text-我想要在星期六晚上八点半的时候举行会议。 .
[INFO] 18:22:46 HANlp: start lexer result process .
[INFO] 18:23:58 

            ###########################################
                         HadreamAssistant
                   ---Customize Work Assistant---
              (c)2021 Lanzhijiang all rights reserved
                  Email: lanzhijiang@foxmail.com
            ###########################################

         .
[INFO] 18:23:58 HABackendInit: HadreamAssistant start  .
[INFO] 18:23:58 HABackendInit: start self check .
[INFO] 18:23:58 HABackendInit: play the welcome speech(local play)  .
[INFO] 18:24:02 HABackendInit: Start pulseaudio .
[INFO] 18:24:02 HABackendInit: Start three threads .
[INFO] 18:24:02 HASnowboy: snowboy is now running... .
[ERROR] 18:24:02 HAInit: keyboard awaken engine need to be run as root, exit .
[INFO] 18:24:29 HAInit: Detected awaken from snowboy/keyboard .
[INFO] 18:24:29 HAConversation: start new conversation .
[INFO] 18:24:29 HAConversation: start recording command .
[INFO] 18:24:29 HAPlayer: Playing start_recording .
[INFO] 18:24:29 HAPlayer: start_recording play end .
[INFO] 18:24:29 HARecorder: start vad record(record_with_vad module) .
[INFO] 18:24:35 HAPlayer: Playing stop_recording .
[INFO] 18:24:35 HAPlayer: stop_recording play end .
[INFO] 18:24:35 HAConversation: start speech to text .
[INFO] 18:24:35 HAStt: start speech to text .
[INFO] 18:24:41 HAStt: stt request time cost 5.612033 .
[DEBUG] 18:24:41 HAStt: stt response {'corpus_no': '7042244330759374557', 'err_msg': 'success.', 'err_no': 0, 'result': ['帮我举行一个会议。'], 'sn': '693717228381639650280'} .
[INFO] 18:24:41 HANlp: start text ecnet: text-帮我举行一个会议。 .
[INFO] 18:24:41 HAStt: speech recognition result(after text fixing): 帮我举行一个会议。 .
[INFO] 18:24:41 HAConversation: start recognizing the intent and slots .
[DEBUG] 18:24:41 HANlu: analyze result: [0, 'launch', 'tuling', 0] .
[INFO] 18:24:42 HATts: tts request succeed .
[INFO] 18:24:42 HAPlayer: Playing say.wav .
[INFO] 18:24:46 HAPlayer: say.wav play end .
[INFO] 18:25:10 HAInit: Detected awaken from snowboy/keyboard .
[INFO] 18:25:10 HAConversation: start new conversation .
[INFO] 18:25:10 HAConversation: start recording command .
[INFO] 18:25:10 HAPlayer: Playing start_recording .
[INFO] 18:25:10 HAPlayer: start_recording play end .
[INFO] 18:25:10 HARecorder: start vad record(record_with_vad module) .
[INFO] 18:25:13 HAPlayer: Playing stop_recording .
[INFO] 18:25:13 HAPlayer: stop_recording play end .
[INFO] 18:25:13 HAConversation: start speech to text .
[INFO] 18:25:13 HAStt: start speech to text .
[INFO] 18:25:14 HAStt: stt request time cost 0.533711 .
[DEBUG] 18:25:14 HAStt: stt response {'corpus_no': '7042244472517429072', 'err_msg': 'success.', 'err_no': 0, 'result': ['帮我举行一个会议。'], 'sn': '355998449941639650313'} .
[INFO] 18:25:14 HANlp: start text ecnet: text-帮我举行一个会议。 .
[INFO] 18:25:14 HAStt: speech recognition result(after text fixing): 帮我举行一个会议。 .
[INFO] 18:25:14 HAConversation: start recognizing the intent and slots .
[DEBUG] 18:25:14 HANlu: analyze result: [0, 'launch', 'tuling', 0] .
[INFO] 18:25:15 HATts: tts request succeed .
[INFO] 18:25:15 HAPlayer: Playing say.wav .
[INFO] 18:25:17 HAPlayer: say.wav play end .
[INFO] 18:25:33 

            ###########################################
                         HadreamAssistant
                   ---Customize Work Assistant---
              (c)2021 Lanzhijiang all rights reserved
                  Email: lanzhijiang@foxmail.com
            ###########################################

         .
[INFO] 18:25:33 HABackendInit: HadreamAssistant start  .
[INFO] 18:25:33 HABackendInit: start self check .
[INFO] 18:25:33 HABackendInit: play the welcome speech(local play)  .
[INFO] 18:25:38 HABackendInit: Start pulseaudio .
[INFO] 18:25:38 HABackendInit: Start three threads .
[INFO] 18:25:38 HASnowboy: snowboy is now running... .
[ERROR] 18:25:38 HAInit: keyboard awaken engine need to be run as root, exit .
[INFO] 18:25:39 HAInit: Detected awaken from snowboy/keyboard .
[INFO] 18:25:39 HAConversation: start new conversation .
[INFO] 18:25:39 HAConversation: start recording command .
[INFO] 18:25:39 HAPlayer: Playing start_recording .
[INFO] 18:25:40 HAPlayer: start_recording play end .
[INFO] 18:25:40 HARecorder: start vad record(record_with_vad module) .
[INFO] 18:25:42 HAPlayer: Playing stop_recording .
[INFO] 18:25:42 HAPlayer: stop_recording play end .
[INFO] 18:25:42 HAConversation: start speech to text .
[INFO] 18:25:42 HAStt: start speech to text .
[INFO] 18:25:48 HAStt: stt request time cost 5.603602 .
[DEBUG] 18:25:48 HAStt: stt response {'corpus_no': '7042244618478385037', 'err_msg': 'success.', 'err_no': 0, 'result': ['帮我举行一个会议。'], 'sn': '544378242721639650347'} .
[INFO] 18:25:48 HANlp: start text ecnet: text-帮我举行一个会议。 .
[INFO] 18:25:48 HAStt: speech recognition result(after text fixing): 帮我举行一个会议。 .
[INFO] 18:25:48 HAConversation: start recognizing the intent and slots .
[INFO] 18:25:48 HANlu: skill intent compared, notion-book_meeting .
[INFO] 18:25:48 HANlp: start text lexer: text-帮我举行一个会议。 .
[INFO] 18:25:49 HANlp: start lexer result process .
[INFO] 18:25:49 HANlu: start filling slot-date in nlp mode .
[INFO] 18:25:49 HANlu: cannot resolve slot from nlp's preset .
[INFO] 18:25:49 HANlu: ask slot is available, start ask slot .
[INFO] 18:25:50 HATts: tts request succeed .
[INFO] 18:25:50 HAPlayer: Playing say.wav .
[INFO] 18:25:53 HAPlayer: say.wav play end .
[INFO] 18:25:53 HAPlayer: Playing start_recording .
[INFO] 18:25:54 HAPlayer: start_recording play end .
[INFO] 18:25:54 HARecorder: start vad record(record_with_vad module) .
[INFO] 18:25:58 HAPlayer: Playing stop_recording .
[INFO] 18:25:58 HAPlayer: stop_recording play end .
[INFO] 18:25:58 HAStt: start speech to text .
[INFO] 18:25:59 HAStt: stt request time cost 0.350785 .
[DEBUG] 18:25:59 HAStt: stt response {'corpus_no': '7042244665698130040', 'err_msg': 'success.', 'err_no': 0, 'result': ['星期六晚上八点半的时候。'], 'sn': '606438147931639650358'} .
[INFO] 18:25:59 HANlp: start text ecnet: text-星期六晚上八点半的时候。 .
[INFO] 18:25:59 HAStt: speech recognition result(after text fixing): 星期六晚上八点半的时候。 .
[INFO] 18:25:59 HANlp: start text lexer: text-星期六晚上八点半的时候。 .
[INFO] 18:25:59 HANlp: start lexer result process .
[INFO] 18:25:59 HANlu: ask slot is not available, skip slot .
[INFO] 18:25:59 HANlu: start filling slot-attender in nlp mode .
[INFO] 18:25:59 HANlu: cannot resolve slot from nlp's preset .
[INFO] 18:25:59 HANlu: ask slot is not available, skip slot .
[DEBUG] 18:25:59 HANlu: analyze result: [0, 'book_meeting', 'notion', 0] .
[INFO] 18:25:59 HASkillNotion: start search handle_func, intent-book_meeting .
[INFO] 18:25:59 HASkillNotion: start intent_handler-book_meeting .
[INFO] 18:26:00 HATts: tts request succeed .
[INFO] 18:26:00 HAPlayer: Playing say.wav .
[INFO] 18:26:04 HAPlayer: say.wav play end .
[INFO] 18:26:04 HAPlayer: Playing start_recording .
[INFO] 18:26:04 HAPlayer: start_recording play end .
[INFO] 18:26:04 HARecorder: start vad record(record_with_vad module) .
[INFO] 18:26:10 HAPlayer: Playing stop_recording .
[INFO] 18:26:11 HAPlayer: stop_recording play end .
[INFO] 18:26:12 HATts: tts request succeed .
[INFO] 18:26:12 HAPlayer: Playing say.wav .
[INFO] 18:26:17 HAPlayer: say.wav play end .
[INFO] 18:30:29 

            ###########################################
                         HadreamAssistant
                   ---Customize Work Assistant---
              (c)2021 Lanzhijiang all rights reserved
                  Email: lanzhijiang@foxmail.com
            ###########################################

         .
[INFO] 18:30:29 HABackendInit: HadreamAssistant start  .
[INFO] 18:30:29 HABackendInit: start self check .
[INFO] 18:30:29 HABackendInit: play the welcome speech(local play)  .
[INFO] 18:30:34 HABackendInit: Start pulseaudio .
[INFO] 18:30:34 HABackendInit: Start three threads .
[ERROR] 18:30:34 HAInit: keyboard awaken engine need to be run as root, exit .
[INFO] 18:30:34 HASnowboy: snowboy is now running... .
[INFO] 18:30:36 HAInit: Detected awaken from snowboy/keyboard .
[INFO] 18:30:36 HAConversation: start new conversation .
[INFO] 18:30:36 HAConversation: start recording command .
[INFO] 18:30:36 HAPlayer: Playing start_recording .
[INFO] 18:30:36 HAPlayer: start_recording play end .
[INFO] 18:30:36 HARecorder: start vad record(record_with_vad module) .
[INFO] 18:30:39 HAPlayer: Playing stop_recording .
[INFO] 18:30:40 HAPlayer: stop_recording play end .
[INFO] 18:30:40 HAConversation: start speech to text .
[INFO] 18:30:40 HAStt: start speech to text .
[INFO] 18:30:46 HAStt: stt request time cost 5.742129 .
[DEBUG] 18:30:46 HAStt: stt response {'corpus_no': '7042245898453781327', 'err_msg': 'success.', 'err_no': 0, 'result': ['帮我预约一个会议。'], 'sn': '157424026101639650645'} .
[INFO] 18:30:46 HANlp: start text ecnet: text-帮我预约一个会议。 .
[INFO] 18:30:46 HAStt: speech recognition result(after text fixing): 帮我预约一个会议。 .
[INFO] 18:30:46 HAConversation: start recognizing the intent and slots .
[INFO] 18:30:46 HANlu: skill intent compared, notion-book_meeting .
[INFO] 18:30:46 HANlp: start text lexer: text-帮我预约一个会议。 .
[INFO] 18:30:46 HANlp: start lexer result process .
[INFO] 18:30:46 HANlu: start filling slot-date in nlp mode .
[INFO] 18:30:46 HANlu: cannot resolve slot from nlp's preset .
[INFO] 18:30:46 HANlu: ask slot is available, start ask slot .
[INFO] 18:30:47 HATts: tts request succeed .
[INFO] 18:30:47 HAPlayer: Playing say.wav .
[INFO] 18:30:51 HAPlayer: say.wav play end .
[INFO] 18:30:51 HAPlayer: Playing start_recording .
[INFO] 18:30:51 HAPlayer: start_recording play end .
[INFO] 18:30:51 HARecorder: start vad record(record_with_vad module) .
[INFO] 18:30:56 HAPlayer: Playing stop_recording .
[INFO] 18:30:56 HAPlayer: stop_recording play end .
[INFO] 18:30:56 HAStt: start speech to text .
[INFO] 18:30:57 HAStt: stt request time cost 0.615191 .
[DEBUG] 18:30:57 HAStt: stt response {'corpus_no': '7042245949904324245', 'err_msg': 'success.', 'err_no': 0, 'result': ['我想要在星期六晚上八点半的时候举行会议。'], 'sn': '67073623101639650657'} .
[INFO] 18:30:57 HANlp: start text ecnet: text-我想要在星期六晚上八点半的时候举行会议。 .
[INFO] 18:30:57 HAStt: speech recognition result(after text fixing): 我想要在星期六晚上八点半的时候举行会议。 .
[INFO] 18:30:57 HANlp: start text lexer: text-我想要在星期六晚上八点半的时候举行会议。 .
[INFO] 18:30:58 HANlp: start lexer result process .
[INFO] 18:30:58 HANlu: ask slot is not available, skip slot .
[INFO] 18:30:58 HANlu: start filling slot-attender in nlp mode .
[INFO] 18:30:58 HANlu: cannot resolve slot from nlp's preset .
[INFO] 18:30:58 HANlu: ask slot is not available, skip slot .
[DEBUG] 18:30:58 HANlu: analyze result: [0, 'book_meeting', 'notion', {'date': [{'offset': 4, 'length': 8, 'content': '星期六晚上八点半', 'basic_words': ['星期', '六', '晚上', '八', '点', '半'], 'ne': 'TIME', 'pos': ''}]}] .
[INFO] 18:30:58 HASkillNotion: start search handle_func, intent-book_meeting .
[INFO] 18:30:58 HASkillNotion: start intent_handler-book_meeting .
[INFO] 18:30:59 HATts: tts request succeed .
[INFO] 18:30:59 HAPlayer: Playing say.wav .
[INFO] 18:31:03 HAPlayer: say.wav play end .
[INFO] 18:31:03 HAPlayer: Playing start_recording .
[INFO] 18:31:03 HAPlayer: start_recording play end .
[INFO] 18:31:03 HARecorder: start vad record(record_with_vad module) .
[INFO] 18:31:05 HAPlayer: Playing stop_recording .
[INFO] 18:31:06 HAPlayer: stop_recording play end .
[INFO] 18:31:07 HATts: tts request succeed .
[INFO] 18:31:07 HAPlayer: Playing say.wav .
[INFO] 18:31:12 HAPlayer: say.wav play end .
[INFO] 18:36:20 HAInit: Detected awaken from snowboy/keyboard .
[INFO] 18:36:20 HAConversation: start new conversation .
[INFO] 18:36:20 HAConversation: start recording command .
[INFO] 18:36:20 HAPlayer: Playing start_recording .
[INFO] 18:36:20 HAPlayer: start_recording play end .
[INFO] 18:36:20 HARecorder: start vad record(record_with_vad module) .
[INFO] 18:36:22 HAPlayer: Playing stop_recording .
[INFO] 18:36:22 HAPlayer: stop_recording play end .
[INFO] 18:36:22 HAConversation: start speech to text .
[INFO] 18:36:22 HAStt: start speech to text .
[INFO] 18:36:23 HAStt: stt request time cost 0.489784 .
[DEBUG] 18:36:23 HAStt: stt response {'corpus_no': '7042247350092444184', 'err_msg': 'success.', 'err_no': 0, 'result': ['林奕宏。'], 'sn': '382721041491639650983'} .
[INFO] 18:36:23 HANlp: start text ecnet: text-林奕宏。 .
[INFO] 18:36:23 HAStt: speech recognition result(after text fixing): 林奕宏。 .
[INFO] 18:36:23 HAConversation: start recognizing the intent and slots .
[DEBUG] 18:36:23 HANlu: analyze result: [0, 'launch', 'tuling', {}] .
[INFO] 18:36:26 HATts: tts request succeed .
[INFO] 18:36:26 HAPlayer: Playing say.wav .
[INFO] 18:36:30 HAPlayer: say.wav play end .
[INFO] 18:36:33 HAInit: Detected awaken from snowboy/keyboard .
[INFO] 18:36:33 HAConversation: start new conversation .
[INFO] 18:36:33 HAConversation: start recording command .
[INFO] 18:36:33 HAPlayer: Playing start_recording .
[INFO] 18:36:33 HAPlayer: start_recording play end .
[INFO] 18:36:33 HARecorder: start vad record(record_with_vad module) .
[INFO] 18:36:36 HAPlayer: Playing stop_recording .
[INFO] 18:36:36 HAPlayer: stop_recording play end .
[INFO] 18:36:36 HAConversation: start speech to text .
[INFO] 18:36:36 HAStt: start speech to text .
[INFO] 18:36:36 HAStt: stt request time cost 0.487332 .
[DEBUG] 18:36:36 HAStt: stt response {'corpus_no': '7042247406163819001', 'err_msg': 'success.', 'err_no': 0, 'result': ['袁一泓。'], 'sn': '360665649471639650996'} .
[INFO] 18:36:36 HANlp: start text ecnet: text-袁一泓。 .
[INFO] 18:36:37 HAStt: speech recognition result(after text fixing): 袁一泓。 .
[INFO] 18:36:37 HAConversation: start recognizing the intent and slots .
[DEBUG] 18:36:37 HANlu: analyze result: [0, 'launch', 'tuling', {}] .
[INFO] 18:36:38 HATts: tts request succeed .
[INFO] 18:36:38 HAPlayer: Playing say.wav .
[INFO] 18:36:42 HAPlayer: say.wav play end .
[INFO] 18:36:55 HAInit: Detected awaken from snowboy/keyboard .
[INFO] 18:36:55 HAConversation: start new conversation .
[INFO] 18:36:55 HAConversation: start recording command .
[INFO] 18:36:55 HAPlayer: Playing start_recording .
[INFO] 18:36:56 HAPlayer: start_recording play end .
[INFO] 18:36:56 HARecorder: start vad record(record_with_vad module) .
[INFO] 18:36:58 HAPlayer: Playing stop_recording .
[INFO] 18:36:58 HAPlayer: stop_recording play end .
[INFO] 18:36:58 HAConversation: start speech to text .
[INFO] 18:36:58 HAStt: start speech to text .
[INFO] 18:36:58 HAStt: stt request time cost 0.433281 .
[DEBUG] 18:36:58 HAStt: stt response {'corpus_no': '7042247500374639756', 'err_msg': 'success.', 'err_no': 0, 'result': [''], 'sn': '840414062201639651018'} .
[INFO] 18:36:58 HANlp: start text ecnet: text- .
[ERROR] 18:36:58 HANlp: ecnet meet an error, res-{'log_id': 7469505002135215376, 'error_code': 282134, 'error_msg': 'input empty'} .
[INFO] 18:36:58 HAStt: speech recognition result(after text fixing):  .
[INFO] 18:36:58 HAConversation: start recognizing the intent and slots .
[DEBUG] 18:36:58 HANlu: analyze result: [0, 'launch', 'tuling', {}] .
[INFO] 18:36:59 HATts: tts request succeed .
[INFO] 18:36:59 HAPlayer: Playing say.wav .
[INFO] 18:37:03 HAPlayer: say.wav play end .
[INFO] 18:37:05 HAInit: Detected awaken from snowboy/keyboard .
[INFO] 18:37:05 HAConversation: start new conversation .
[INFO] 18:37:05 HAConversation: start recording command .
[INFO] 18:37:05 HAPlayer: Playing start_recording .
[INFO] 18:37:06 HAPlayer: start_recording play end .
[INFO] 18:37:06 HARecorder: start vad record(record_with_vad module) .
[INFO] 18:37:07 HAPlayer: Playing stop_recording .
[INFO] 18:37:08 HAPlayer: stop_recording play end .
[INFO] 18:37:08 HAConversation: start speech to text .
[INFO] 18:37:08 HAStt: start speech to text .
[INFO] 18:37:08 HAStt: stt request time cost 0.476602 .
[DEBUG] 18:37:08 HAStt: stt response {'corpus_no': '7042247543244403709', 'err_msg': 'success.', 'err_no': 0, 'result': [''], 'sn': '328882880921639651028'} .
[INFO] 18:37:08 HANlp: start text ecnet: text- .
[ERROR] 18:37:08 HANlp: ecnet meet an error, res-{'log_id': 4212220409845212944, 'error_code': 282134, 'error_msg': 'input empty'} .
[INFO] 18:37:08 HAStt: speech recognition result(after text fixing):  .
[INFO] 18:37:08 HAConversation: start recognizing the intent and slots .
[DEBUG] 18:37:08 HANlu: analyze result: [0, 'launch', 'tuling', {}] .
[INFO] 18:37:10 HATts: tts request succeed .
[INFO] 18:37:10 HAPlayer: Playing say.wav .
[INFO] 18:37:13 HAPlayer: say.wav play end .
[INFO] 18:37:14 HAInit: Detected awaken from snowboy/keyboard .
[INFO] 18:37:14 HAConversation: start new conversation .
[INFO] 18:37:14 HAConversation: start recording command .
[INFO] 18:37:14 HAPlayer: Playing start_recording .
[INFO] 18:37:15 HAPlayer: start_recording play end .
[INFO] 18:37:15 HARecorder: start vad record(record_with_vad module) .
[INFO] 18:37:17 HAPlayer: Playing stop_recording .
[INFO] 18:37:17 HAPlayer: stop_recording play end .
[INFO] 18:37:17 HAConversation: start speech to text .
[INFO] 18:37:17 HAStt: start speech to text .
[INFO] 18:37:18 HAStt: stt request time cost 0.482415 .
[DEBUG] 18:37:18 HAStt: stt response {'corpus_no': '7042247582022702600', 'err_msg': 'success.', 'err_no': 0, 'result': ['李佩瑜。'], 'sn': '777857244241639651037'} .
[INFO] 18:37:18 HANlp: start text ecnet: text-李佩瑜。 .
[INFO] 18:37:18 HAStt: speech recognition result(after text fixing): 李佩瑜。 .
[INFO] 18:37:18 HAConversation: start recognizing the intent and slots .
[DEBUG] 18:37:18 HANlu: analyze result: [0, 'launch', 'tuling', {}] .
[INFO] 18:37:19 HATts: tts request succeed .
[INFO] 18:37:19 HAPlayer: Playing say.wav .
[INFO] 18:37:21 HAPlayer: say.wav play end .
[INFO] 18:37:33 HAInit: Detected awaken from snowboy/keyboard .
[INFO] 18:37:33 HAConversation: start new conversation .
[INFO] 18:37:33 HAConversation: start recording command .
[INFO] 18:37:33 HAPlayer: Playing start_recording .
[INFO] 18:37:34 HAPlayer: start_recording play end .
[INFO] 18:37:34 HARecorder: start vad record(record_with_vad module) .
[INFO] 18:37:34 HAPlayer: Playing stop_recording .
[INFO] 18:37:34 HAPlayer: stop_recording play end .
[INFO] 18:37:34 HAConversation: start speech to text .
[INFO] 18:37:34 HAStt: start speech to text .
[INFO] 18:37:35 HAStt: stt request time cost 0.507110 .
[DEBUG] 18:37:35 HAStt: stt response {'corpus_no': '7042247655108526651', 'err_msg': 'success.', 'err_no': 0, 'result': ['李佩瑜。'], 'sn': '813196893441639651054'} .
[INFO] 18:37:35 HANlp: start text ecnet: text-李佩瑜。 .
[INFO] 18:37:35 HAStt: speech recognition result(after text fixing): 李佩瑜。 .
[INFO] 18:37:35 HAConversation: start recognizing the intent and slots .
[DEBUG] 18:37:35 HANlu: analyze result: [0, 'launch', 'tuling', {}] .
[INFO] 18:37:36 HATts: tts request succeed .
[INFO] 18:37:36 HAPlayer: Playing say.wav .
[INFO] 18:37:38 HAPlayer: say.wav play end .
[INFO] 18:37:40 HAInit: Detected awaken from snowboy/keyboard .
[INFO] 18:37:40 HAConversation: start new conversation .
[INFO] 18:37:40 HAConversation: start recording command .
[INFO] 18:37:40 HAPlayer: Playing start_recording .
[INFO] 18:37:40 HAPlayer: start_recording play end .
[INFO] 18:37:40 HARecorder: start vad record(record_with_vad module) .
[INFO] 18:37:54 

            ###########################################
                         HadreamAssistant
                   ---Customize Work Assistant---
              (c)2021 Lanzhijiang all rights reserved
                  Email: lanzhijiang@foxmail.com
            ###########################################

         .
[INFO] 18:37:54 HABackendInit: HadreamAssistant start  .
[INFO] 18:37:54 HABackendInit: start self check .
[INFO] 18:37:54 HABackendInit: play the welcome speech(local play)  .
[INFO] 18:37:58 HABackendInit: Start pulseaudio .
[INFO] 18:37:58 HABackendInit: Start three threads .
[INFO] 18:37:58 HASnowboy: snowboy is now running... .
[ERROR] 18:37:58 HAInit: keyboard awaken engine need to be run as root, exit .
[INFO] 18:38:15 HAInit: Detected awaken from snowboy/keyboard .
[INFO] 18:38:15 HAConversation: start new conversation .
[INFO] 18:38:15 HAConversation: start recording command .
[INFO] 18:38:15 HAPlayer: Playing start_recording .
[INFO] 18:38:15 HAPlayer: start_recording play end .
[INFO] 18:38:15 HARecorder: start vad record(record_with_vad module) .
[INFO] 18:38:19 HAPlayer: Playing stop_recording .
[INFO] 18:38:19 HAPlayer: stop_recording play end .
[INFO] 18:38:19 HAConversation: start speech to text .
[INFO] 18:38:19 HAStt: start speech to text .
[INFO] 18:38:25 HAStt: stt request time cost 5.492629 .
[DEBUG] 18:38:25 HAStt: stt response {'corpus_no': '7042247869651724403', 'err_msg': 'success.', 'err_no': 0, 'result': ['袁一泓。'], 'sn': '219496723131639651104'} .
[INFO] 18:38:25 HANlp: start text ecnet: text-袁一泓。 .
[INFO] 18:38:25 HAStt: speech recognition result(after text fixing): 袁一泓。 .
[INFO] 18:38:25 HAConversation: start recognizing the intent and slots .
[DEBUG] 18:38:25 HANlu: analyze result: [0, 'launch', 'tuling', {}] .
[INFO] 18:38:26 HATts: tts request succeed .
[INFO] 18:38:26 HAPlayer: Playing say.wav .
[INFO] 18:38:28 HAPlayer: say.wav play end .
[INFO] 18:38:37 HAInit: Detected awaken from snowboy/keyboard .
[INFO] 18:38:37 HAConversation: start new conversation .
[INFO] 18:38:37 HAConversation: start recording command .
[INFO] 18:38:37 HAPlayer: Playing start_recording .
[INFO] 18:38:37 HAPlayer: start_recording play end .
[INFO] 18:38:37 HARecorder: start vad record(record_with_vad module) .
[INFO] 18:38:40 HAPlayer: Playing stop_recording .
[INFO] 18:38:41 HAPlayer: stop_recording play end .
[INFO] 18:38:41 HAConversation: start speech to text .
[INFO] 18:38:41 HAStt: start speech to text .
[INFO] 18:38:41 HAStt: stt request time cost 0.453936 .
[DEBUG] 18:38:41 HAStt: stt response {'corpus_no': '7042247942847726612', 'err_msg': 'success.', 'err_no': 0, 'result': ['Yyh。'], 'sn': '985681801141639651121'} .
[INFO] 18:38:41 HANlp: start text ecnet: text-Yyh。 .
[INFO] 18:38:41 HAStt: speech recognition result(after text fixing): Yyh。 .
[INFO] 18:38:41 HAConversation: start recognizing the intent and slots .
[DEBUG] 18:38:41 HANlu: analyze result: [0, 'launch', 'tuling', {}] .
[INFO] 18:38:42 HATts: tts request succeed .
[INFO] 18:38:42 HAPlayer: Playing say.wav .
[INFO] 18:38:43 HAPlayer: say.wav play end .
[INFO] 18:38:45 HAInit: Detected awaken from snowboy/keyboard .
[INFO] 18:38:46 HAConversation: start new conversation .
[INFO] 18:38:46 HAConversation: start recording command .
[INFO] 18:38:46 HAPlayer: Playing start_recording .
[INFO] 18:38:46 HAPlayer: start_recording play end .
[INFO] 18:38:46 HARecorder: start vad record(record_with_vad module) .
[INFO] 18:38:48 HAPlayer: Playing stop_recording .
[INFO] 18:38:48 HAPlayer: stop_recording play end .
[INFO] 18:38:48 HAConversation: start speech to text .
[INFO] 18:38:48 HAStt: start speech to text .
[INFO] 18:38:49 HAStt: stt request time cost 0.286497 .
[DEBUG] 18:38:49 HAStt: stt response {'corpus_no': '7042247977242430388', 'err_msg': 'success.', 'err_no': 0, 'result': ['Lpy。'], 'sn': '948001285651639651129'} .
[INFO] 18:38:49 HANlp: start text ecnet: text-Lpy。 .
[INFO] 18:38:49 HAStt: speech recognition result(after text fixing): Lpy。 .
[INFO] 18:38:49 HAConversation: start recognizing the intent and slots .
[DEBUG] 18:38:49 HANlu: analyze result: [0, 'launch', 'tuling', {}] .
[INFO] 18:38:51 HATts: tts request succeed .
[INFO] 18:38:51 HAPlayer: Playing say.wav .
[INFO] 18:38:51 HAPlayer: say.wav play end .
[INFO] 18:38:53 HAInit: Detected awaken from snowboy/keyboard .
[INFO] 18:38:53 HAConversation: start new conversation .
[INFO] 18:38:53 HAConversation: start recording command .
[INFO] 18:38:53 HAPlayer: Playing start_recording .
[INFO] 18:38:54 HAPlayer: start_recording play end .
[INFO] 18:38:54 HARecorder: start vad record(record_with_vad module) .
[INFO] 18:38:58 HAPlayer: Playing stop_recording .
[INFO] 18:38:59 HAPlayer: stop_recording play end .
[INFO] 18:38:59 HAConversation: start speech to text .
[INFO] 18:38:59 HAStt: start speech to text .
[INFO] 18:38:59 HAStt: stt request time cost 0.607672 .
[DEBUG] 18:38:59 HAStt: stt response {'corpus_no': '7042248020069047325', 'err_msg': 'success.', 'err_no': 0, 'result': ['帮我预约一个会议，参会人士lpy。'], 'sn': '870763091381639651139'} .
[INFO] 18:38:59 HANlp: start text ecnet: text-帮我预约一个会议，参会人士lpy。 .
[INFO] 18:39:00 HAStt: speech recognition result(after text fixing): 帮我预约一个会议，参会人士lpy。 .
[INFO] 18:39:00 HAConversation: start recognizing the intent and slots .
[INFO] 18:39:00 HANlu: skill intent compared, notion-book_meeting .
[INFO] 18:39:00 HANlp: start text lexer: text-帮我预约一个会议，参会人士lpy。 .
[INFO] 18:39:00 HANlp: start lexer result process .
[INFO] 18:39:00 HANlu: start filling slot-date in nlp mode .
[INFO] 18:39:00 HANlu: cannot resolve slot from nlp's preset .
[INFO] 18:39:00 HANlu: ask slot is available, start ask slot .
[INFO] 18:39:01 HATts: tts request succeed .
[INFO] 18:39:01 HAPlayer: Playing say.wav .
[INFO] 18:39:04 HAPlayer: say.wav play end .
[INFO] 18:39:04 HAPlayer: Playing start_recording .
[INFO] 18:39:05 HAPlayer: start_recording play end .
[INFO] 18:39:05 HARecorder: start vad record(record_with_vad module) .
[INFO] 18:39:08 HAPlayer: Playing stop_recording .
[INFO] 18:39:08 HAPlayer: stop_recording play end .
[INFO] 18:39:08 HAStt: start speech to text .
[INFO] 18:39:08 HAStt: stt request time cost 0.273903 .
[DEBUG] 18:39:08 HAStt: stt response {'corpus_no': '7042248058759941554', 'err_msg': 'success.', 'err_no': 0, 'result': ['退出。'], 'sn': '808284964721639651148'} .
[INFO] 18:39:08 HANlp: start text ecnet: text-退出。 .
[INFO] 18:39:08 HAStt: speech recognition result(after text fixing): 退出。 .
[INFO] 18:39:08 HANlp: start text lexer: text-退出。 .
[INFO] 18:39:09 HANlp: start lexer result process .
[INFO] 18:42:03 

            ###########################################
                         HadreamAssistant
                   ---Customize Work Assistant---
              (c)2021 Lanzhijiang all rights reserved
                  Email: lanzhijiang@foxmail.com
            ###########################################

         .
[INFO] 18:42:03 HABackendInit: HadreamAssistant start  .
[INFO] 18:42:03 HABackendInit: start self check .
[INFO] 18:42:03 HABackendInit: play the welcome speech(local play)  .
[INFO] 18:42:07 HABackendInit: Start pulseaudio .
[INFO] 18:42:07 HABackendInit: Start three threads .
[INFO] 18:42:07 HASnowboy: snowboy is now running... .
[ERROR] 18:42:07 HAInit: keyboard awaken engine need to be run as root, exit .
[INFO] 18:42:10 HAInit: Detected awaken from snowboy/keyboard .
[INFO] 18:42:10 HAConversation: start new conversation .
[INFO] 18:42:10 HAConversation: start recording command .
[INFO] 18:42:10 HAPlayer: Playing start_recording .
[INFO] 18:42:10 HAPlayer: start_recording play end .
[INFO] 18:42:10 HARecorder: start vad record(record_with_vad module) .
[INFO] 18:42:17 HAPlayer: Playing stop_recording .
[INFO] 18:42:17 HAPlayer: stop_recording play end .
[INFO] 18:42:17 HAConversation: start speech to text .
[INFO] 18:42:17 HAStt: start speech to text .
[INFO] 18:42:23 HAStt: stt request time cost 5.647900 .
[DEBUG] 18:42:23 HAStt: stt response {'corpus_no': '7042248896264362554', 'err_msg': 'success.', 'err_no': 0, 'result': ['帮我预约一个会议，预约人是yyh区。'], 'sn': '175467382641639651342'} .
[INFO] 18:42:23 HANlp: start text ecnet: text-帮我预约一个会议，预约人是yyh区。 .
[INFO] 18:42:23 HAStt: speech recognition result(after text fixing): 帮我预约一个会议，预约人是yyh区。 .
[INFO] 18:42:23 HAConversation: start recognizing the intent and slots .
[INFO] 18:42:23 HANlu: skill intent compared, notion-book_meeting .
[INFO] 18:42:23 HANlp: start text lexer: text-帮我预约一个会议，预约人是yyh区。 .
[INFO] 18:42:24 HANlp: start lexer result process .
[INFO] 18:42:24 HANlu: start filling slot-date in nlp mode .
[INFO] 18:42:24 HANlu: cannot resolve slot from nlp's preset .
[INFO] 18:42:24 HANlu: ask slot is available, start ask slot .
[INFO] 18:42:25 HATts: tts request succeed .
[INFO] 18:42:25 HAPlayer: Playing say.wav .
[INFO] 18:42:28 HAPlayer: say.wav play end .
[INFO] 18:42:28 HAPlayer: Playing start_recording .
[INFO] 18:42:28 HAPlayer: start_recording play end .
[INFO] 18:42:28 HARecorder: start vad record(record_with_vad module) .
[INFO] 18:42:32 HAPlayer: Playing stop_recording .
[INFO] 18:42:33 HAPlayer: stop_recording play end .
[INFO] 18:42:33 HAStt: start speech to text .
[INFO] 18:42:33 HAStt: stt request time cost 0.523268 .
[DEBUG] 18:42:33 HAStt: stt response {'corpus_no': '7042248939268988298', 'err_msg': 'success.', 'err_no': 0, 'result': ['周六晚上八点半。'], 'sn': '5421600671639651353'} .
[INFO] 18:42:33 HANlp: start text ecnet: text-周六晚上八点半。 .
[INFO] 18:42:33 HAStt: speech recognition result(after text fixing): 周六晚上八点半。 .
[INFO] 18:42:33 HANlp: start text lexer: text-周六晚上八点半。 .
[INFO] 18:42:34 HANlp: start lexer result process .
[INFO] 18:42:34 HANlu: ask slot is not available, skip slot .
[INFO] 18:42:34 HANlu: start filling slot-attender in nlp mode .
[INFO] 18:42:34 HANlu: cannot resolve slot from nlp's preset .
[INFO] 18:42:34 HANlu: ask slot is not available, skip slot .
[DEBUG] 18:42:34 HANlu: analyze result: [0, 'book_meeting', 'notion', {'date': [{'offset': 0, 'length': 7, 'content': '周六晚上八点半', 'basic_words': ['周六', '晚上', '八', '点', '半'], 'ne': 'TIME', 'pos': ''}]}] .
[INFO] 18:42:34 HASkillNotion: start search handle_func, intent-book_meeting .
[INFO] 18:42:34 HASkillNotion: start intent_handler-book_meeting .
[INFO] 18:42:35 HATts: tts request succeed .
[INFO] 18:42:35 HAPlayer: Playing say.wav .
[INFO] 18:42:39 HAPlayer: say.wav play end .
[INFO] 18:42:39 HAPlayer: Playing start_recording .
[INFO] 18:42:39 HAPlayer: start_recording play end .
[INFO] 18:42:39 HARecorder: start vad record(record_with_vad module) .
[INFO] 18:42:41 HAPlayer: Playing stop_recording .
[INFO] 18:42:41 HAPlayer: stop_recording play end .
[INFO] 18:42:43 HATts: tts request succeed .
[INFO] 18:42:43 HAPlayer: Playing say.wav .
[INFO] 18:42:48 HAPlayer: say.wav play end .
[INFO] 18:42:56 HAInit: Detected awaken from snowboy/keyboard .
[INFO] 18:42:56 HAConversation: start new conversation .
[INFO] 18:42:56 HAConversation: start recording command .
[INFO] 18:42:56 HAPlayer: Playing start_recording .
[INFO] 18:42:56 HAPlayer: start_recording play end .
[INFO] 18:42:56 HARecorder: start vad record(record_with_vad module) .
[INFO] 18:42:59 HAPlayer: Playing stop_recording .
[INFO] 18:42:59 HAPlayer: stop_recording play end .
[INFO] 18:42:59 HAConversation: start speech to text .
[INFO] 18:42:59 HAStt: start speech to text .
[INFO] 18:43:00 HAStt: stt request time cost 0.495195 .
[DEBUG] 18:43:00 HAStt: stt response {'corpus_no': '7042249050891444430', 'err_msg': 'success.', 'err_no': 0, 'result': ['Hyl。'], 'sn': '212986581481639651379'} .
[INFO] 18:43:00 HANlp: start text ecnet: text-Hyl。 .
[INFO] 18:43:00 HAStt: speech recognition result(after text fixing): Hyl。 .
[INFO] 18:43:00 HAConversation: start recognizing the intent and slots .
[DEBUG] 18:43:00 HANlu: analyze result: [0, 'launch', 'tuling', {}] .
[INFO] 18:43:01 HATts: tts request succeed .
[INFO] 18:43:01 HAPlayer: Playing say.wav .
[INFO] 18:43:01 HAPlayer: say.wav play end .
[INFO] 18:43:04 HAInit: Detected awaken from snowboy/keyboard .
[INFO] 18:43:04 HAConversation: start new conversation .
[INFO] 18:43:04 HAConversation: start recording command .
[INFO] 18:43:04 HAPlayer: Playing start_recording .
[INFO] 18:43:04 HAPlayer: start_recording play end .
[INFO] 18:43:04 HARecorder: start vad record(record_with_vad module) .
[INFO] 18:43:08 HAPlayer: Playing stop_recording .
[INFO] 18:43:08 HAPlayer: stop_recording play end .
[INFO] 18:43:08 HAConversation: start speech to text .
[INFO] 18:43:08 HAStt: start speech to text .
[INFO] 18:43:09 HAStt: stt request time cost 0.462657 .
[DEBUG] 18:43:09 HAStt: stt response {'corpus_no': '7042249089503482578', 'err_msg': 'success.', 'err_no': 0, 'result': ['Wyy。'], 'sn': '544156685181639651388'} .
[INFO] 18:43:09 HANlp: start text ecnet: text-Wyy。 .
[INFO] 18:43:09 HAStt: speech recognition result(after text fixing): Wyy。 .
[INFO] 18:43:09 HAConversation: start recognizing the intent and slots .
[DEBUG] 18:43:09 HANlu: analyze result: [0, 'launch', 'tuling', {}] .
[INFO] 18:43:10 HATts: tts request succeed .
[INFO] 18:43:10 HAPlayer: Playing say.wav .
[INFO] 18:43:10 HAPlayer: say.wav play end .
[INFO] 18:43:16 HAInit: Detected awaken from snowboy/keyboard .
[INFO] 18:43:16 HAConversation: start new conversation .
[INFO] 18:43:16 HAConversation: start recording command .
[INFO] 18:43:16 HAPlayer: Playing start_recording .
[INFO] 18:43:16 HAPlayer: start_recording play end .
[INFO] 18:43:16 HARecorder: start vad record(record_with_vad module) .
[INFO] 18:43:19 HAPlayer: Playing stop_recording .
[INFO] 18:43:19 HAPlayer: stop_recording play end .
[INFO] 18:43:19 HAConversation: start speech to text .
[INFO] 18:43:19 HAStt: start speech to text .
[INFO] 18:43:20 HAStt: stt request time cost 0.447793 .
[DEBUG] 18:43:20 HAStt: stt response {'corpus_no': '7042249136704000944', 'err_msg': 'success.', 'err_no': 0, 'result': ['吴燕文。'], 'sn': '15858102571639651399'} .
[INFO] 18:43:20 HANlp: start text ecnet: text-吴燕文。 .
[INFO] 18:43:20 HAStt: speech recognition result(after text fixing): 吴燕文。 .
[INFO] 18:43:20 HAConversation: start recognizing the intent and slots .
[DEBUG] 18:43:20 HANlu: analyze result: [0, 'launch', 'tuling', {}] .
[INFO] 18:43:21 HATts: tts request succeed .
[INFO] 18:43:21 HAPlayer: Playing say.wav .
[INFO] 18:43:24 HAPlayer: say.wav play end .
[INFO] 20:39:59 HAInit: Detected awaken from snowboy/keyboard .
[INFO] 20:39:59 HAConversation: start new conversation .
[INFO] 20:39:59 HAConversation: start recording command .
[INFO] 20:39:59 HAPlayer: Playing start_recording .
[INFO] 20:39:59 HAPlayer: start_recording play end .
[INFO] 20:39:59 HARecorder: start vad record(record_with_vad module) .
[INFO] 20:40:04 HAPlayer: Playing stop_recording .
[INFO] 20:40:04 HAPlayer: stop_recording play end .
[INFO] 20:40:04 HAConversation: start speech to text .
[INFO] 20:40:04 HAStt: start speech to text .
[INFO] 20:40:06 HAStt: stt request time cost 1.367600 .
[DEBUG] 20:40:06 HAStt: stt response {'corpus_no': '7042279227365203762', 'err_msg': 'success.', 'err_no': 0, 'result': ['打开360极速浏览器。'], 'sn': '35677915141639658405'} .
[INFO] 20:40:06 HANlp: start text ecnet: text-打开360极速浏览器。 .
[INFO] 20:40:06 HAStt: speech recognition result(after text fixing): 打开360极速浏览器。 .
[INFO] 20:40:06 HAConversation: start recognizing the intent and slots .