
[INFO] 10:30:04 HABackendInit: HadreamAssistant start  .
[INFO] 10:30:04 HABackendInit: start self check .
[INFO] 10:30:04 HABackendInit: Run snowboy awaken engine in a thread .
[INFO] 10:30:04 HASnowboy: snowboy is now running... .
[INFO] 10:30:54 HABackendInit: HadreamAssistant start  .
[INFO] 10:30:54 HABackendInit: start self check .
[INFO] 10:30:54 HABackendInit: play the welcome speech(online tts)  .
[INFO] 10:30:55 HATts: tts request succeed .
[INFO] 10:30:55 HAPlayer: Now playing say.wav .
[INFO] 10:30:59 HABackendInit: Start pulseaudio .
[INFO] 10:30:59 HABackendInit: Run snowboy awaken engine in a thread .
[INFO] 10:30:59 HASnowboy: snowboy is now running... .
[INFO] 10:33:00 HABackendInit: HadreamAssistant start  .
[INFO] 10:33:00 HABackendInit: start self check .
[INFO] 10:33:00 HABackendInit: play the welcome speech(online tts)  .
[INFO] 10:33:01 HATts: tts request succeed .
[INFO] 10:33:01 HAPlayer: Now playing say.wav .
[INFO] 10:33:06 HABackendInit: Start pulseaudio .
[INFO] 10:33:06 HABackendInit: Run snowboy awaken engine in a thread .
[INFO] 10:33:06 HASnowboy: snowboy is now running... .
[INFO] 10:33:08 HAInit: Detected awaken from snowboy .
[INFO] 10:33:08 HAConversation: start new conversation .
[INFO] 10:33:08 HAConversation: start recording command .
[INFO] 10:33:08 HAPlayer: Now playing start_recording .
[INFO] 10:33:09 HARecorder: Start record... .
[INFO] 10:33:14 HARecorder: Record end .
[INFO] 10:33:14 HAPlayer: Now playing stop_recording .
[INFO] 10:33:14 HAConversation: start speech to text .
[INFO] 10:33:14 HAStt: start speech to text .
[INFO] 10:33:15 HAStt: stt request time cost 0.916904 .
[INFO] 10:33:15 HANlp: start text ecnet: text-你个傻逼。 .
[INFO] 10:33:15 HAStt: speech recognition result(after text fixing): 你个傻逼。 .
[INFO] 10:33:15 HAConversation: start recognizing the intent and slots .
[INFO] 10:33:57 HABackendInit: HadreamAssistant start  .
[INFO] 10:33:57 HABackendInit: start self check .
[INFO] 10:33:57 HABackendInit: play the welcome speech(online tts)  .
[INFO] 10:33:58 HATts: tts request succeed .
[INFO] 10:33:58 HAPlayer: Now playing say.wav .
[INFO] 10:34:03 HABackendInit: Start pulseaudio .
[INFO] 10:34:03 HABackendInit: Run snowboy awaken engine in a thread .
[INFO] 10:34:03 HASnowboy: snowboy is now running... .
[INFO] 10:34:08 HAInit: Detected awaken from snowboy .
[INFO] 10:34:08 HAConversation: start new conversation .
[INFO] 10:34:08 HAConversation: start recording command .
[INFO] 10:34:08 HAPlayer: Now playing start_recording .
[INFO] 10:34:08 HARecorder: Start record... .
[INFO] 10:34:14 HARecorder: Record end .
[INFO] 10:34:14 HAPlayer: Now playing stop_recording .
[INFO] 10:34:14 HAConversation: start speech to text .
[INFO] 10:34:14 HAStt: start speech to text .
[INFO] 10:34:14 HAStt: stt request time cost 0.270168 .
[INFO] 10:34:14 HANlp: start text ecnet: text-你个傻逼。 .
[INFO] 10:34:14 HAStt: speech recognition result(after text fixing): 你个傻逼。 .
[INFO] 10:34:14 HAConversation: start recognizing the intent and slots .
[INFO] 11:17:48 HABackendInit: HadreamAssistant start  .
[INFO] 11:17:48 HABackendInit: start self check .
[INFO] 11:17:48 HABackendInit: play the welcome speech(online tts)  .
[INFO] 11:17:49 HATts: tts request succeed .
[INFO] 11:17:49 HAPlayer: Now playing say.wav .
[INFO] 11:17:53 HABackendInit: Start pulseaudio .
[INFO] 11:17:54 HABackendInit: Run snowboy awaken engine in a thread .
[INFO] 11:17:54 HASnowboy: snowboy is now running... .
[INFO] 11:17:58 HAInit: Detected awaken from snowboy .
[INFO] 11:17:58 HAConversation: start new conversation .
[INFO] 11:17:58 HAConversation: start recording command .
[INFO] 11:17:58 HAPlayer: Now playing start_recording .
[INFO] 11:17:58 HARecorder: Start record... .
[INFO] 11:18:03 HARecorder: Record end .
[INFO] 11:18:03 HAPlayer: Now playing stop_recording .
[INFO] 11:18:04 HAConversation: start speech to text .
[INFO] 11:18:04 HAStt: start speech to text .
[INFO] 11:18:04 HAStt: stt request time cost 0.558441 .
[INFO] 11:18:04 HANlp: start text ecnet: text-你个傻逼。 .
[INFO] 11:18:05 HAStt: speech recognition result(after text fixing): 你个傻逼。 .
[INFO] 11:18:05 HAConversation: start recognizing the intent and slots .
[INFO] 11:21:34 HABackendInit: HadreamAssistant start  .
[INFO] 11:21:34 HABackendInit: start self check .
[INFO] 11:21:34 HABackendInit: play the welcome speech(online tts)  .
[INFO] 11:21:34 HATts: tts request succeed .
[INFO] 11:21:34 HAPlayer: Now playing say.wav .
[INFO] 11:21:39 HABackendInit: Start pulseaudio .
[INFO] 11:21:39 HABackendInit: Run snowboy awaken engine in a thread .
[INFO] 11:21:39 HASnowboy: snowboy is now running... .
[INFO] 11:21:55 HAInit: Detected awaken from snowboy .
[INFO] 11:21:55 HAConversation: start new conversation .
[INFO] 11:21:55 HAConversation: start recording command .
[INFO] 11:21:55 HAPlayer: Now playing start_recording .
[INFO] 11:21:55 HARecorder: Start record... .
[INFO] 11:22:00 HARecorder: Record end .
[INFO] 11:22:00 HAPlayer: Now playing stop_recording .
[INFO] 11:22:01 HAConversation: start speech to text .
[INFO] 11:22:01 HAStt: start speech to text .
[INFO] 11:22:02 HAStt: stt request time cost 0.880606 .
[INFO] 11:22:02 HANlp: start text ecnet: text-我觉得做这种材料嘛，你好拿过三好啊，还有优干啊，初中拿过什么冬？ .
[INFO] 11:22:02 HAStt: speech recognition result(after text fixing): 我觉得做这种材料嘛，你好拿过三好啊，还有优干啊，初中拿过什么冬？ .
[INFO] 11:22:02 HAConversation: start recognizing the intent and slots .
[INFO] 11:24:03 HABackendInit: HadreamAssistant start  .
[INFO] 11:24:03 HABackendInit: start self check .
[INFO] 11:24:03 HABackendInit: play the welcome speech(online tts)  .
[INFO] 11:24:04 HATts: tts request succeed .
[INFO] 11:24:04 HAPlayer: Now playing say.wav .
[INFO] 11:24:08 HABackendInit: Start pulseaudio .
[INFO] 11:24:08 HABackendInit: Run snowboy awaken engine in a thread .
[INFO] 11:24:08 HASnowboy: snowboy is now running... .
[INFO] 11:24:11 HAInit: Detected awaken from snowboy .
[INFO] 11:24:11 HAConversation: start new conversation .
[INFO] 11:24:11 HAConversation: start recording command .
[INFO] 11:24:11 HAPlayer: Now playing start_recording .
[INFO] 11:24:11 HARecorder: Start record... .
[INFO] 11:24:16 HARecorder: Record end .
[INFO] 11:24:16 HAPlayer: Now playing stop_recording .
[INFO] 11:24:17 HAConversation: start speech to text .
[INFO] 11:24:17 HAStt: start speech to text .
[INFO] 11:24:17 HAStt: stt request time cost 0.652685 .
[INFO] 11:24:17 HANlp: start text ecnet: text-你个傻逼娃儿，不要在意这傻逼啊！ .
[INFO] 11:24:18 HAStt: speech recognition result(after text fixing): 你个傻逼娃儿，不要在意这傻逼啊！ .
[INFO] 11:24:18 HAConversation: start recognizing the intent and slots .
[INFO] 11:24:19 HATts: tts request succeed .
[INFO] 11:24:19 HAPlayer: Now playing say.wav .
[INFO] 11:24:56 HAInit: Detected awaken from snowboy .
[INFO] 11:24:56 HAConversation: start new conversation .
[INFO] 11:24:56 HAConversation: start recording command .
[INFO] 11:24:56 HAPlayer: Now playing start_recording .
[INFO] 11:24:56 HARecorder: Start record... .
[INFO] 11:25:02 HARecorder: Record end .
[INFO] 11:25:02 HAPlayer: Now playing stop_recording .
[INFO] 11:25:02 HAConversation: start speech to text .
[INFO] 11:25:02 HAStt: start speech to text .
[INFO] 11:25:03 HAStt: stt request time cost 0.932631 .
[INFO] 11:25:03 HANlp: start text ecnet: text-今天天气怎么样？ .
[INFO] 11:25:03 HAStt: speech recognition result(after text fixing): 今天天气怎么样？ .
[INFO] 11:25:03 HAConversation: start recognizing the intent and slots .
[INFO] 11:25:04 HATts: tts request succeed .
[INFO] 11:25:04 HAPlayer: Now playing say.wav .
[INFO] 11:25:49 HAInit: Detected awaken from snowboy .
[INFO] 11:25:49 HAConversation: start new conversation .
[INFO] 11:25:49 HAConversation: start recording command .
[INFO] 11:25:49 HAPlayer: Now playing start_recording .
[INFO] 11:25:49 HARecorder: Start record... .
[INFO] 11:25:54 HARecorder: Record end .
[INFO] 11:25:54 HAPlayer: Now playing stop_recording .
[INFO] 11:25:54 HAConversation: start speech to text .
[INFO] 11:25:54 HAStt: start speech to text .
[INFO] 11:25:55 HAStt: stt request time cost 0.672573 .
[INFO] 11:25:55 HANlp: start text ecnet: text-嵩山天气怎么样？ .
[INFO] 11:25:55 HAStt: speech recognition result(after text fixing): 嵩山天气怎么样？ .
[INFO] 11:25:55 HAConversation: start recognizing the intent and slots .
[INFO] 11:25:56 HATts: tts request succeed .
[INFO] 11:25:56 HAPlayer: Now playing say.wav .
[INFO] 11:26:13 HAInit: Detected awaken from snowboy .
[INFO] 11:26:13 HAConversation: start new conversation .
[INFO] 11:26:13 HAConversation: start recording command .
[INFO] 11:26:13 HAPlayer: Now playing start_recording .
[INFO] 11:26:14 HARecorder: Start record... .
[INFO] 11:26:19 HARecorder: Record end .
[INFO] 11:26:19 HAPlayer: Now playing stop_recording .
[INFO] 11:26:19 HAConversation: start speech to text .
[INFO] 11:26:19 HAStt: start speech to text .
[INFO] 11:26:20 HAStt: stt request time cost 0.697170 .
[INFO] 11:26:20 HANlp: start text ecnet: text-确实，咋一看中山天气怎么样？ .
[INFO] 11:26:20 HAStt: speech recognition result(after text fixing): 确实，咋一看中山天气怎么样？ .
[INFO] 11:26:20 HAConversation: start recognizing the intent and slots .
[INFO] 11:26:22 HATts: tts request succeed .
[INFO] 11:26:22 HAPlayer: Now playing say.wav .