
[INFO] 12:18:13 HABackendInit: HadreamAssistant start  .
[INFO] 12:18:13 HABackendInit: start self check .
[INFO] 12:18:13 HABackendInit: play the welcome speech(local play)  .
[INFO] 12:18:17 HABackendInit: Start pulseaudio .
[INFO] 12:18:17 HABackendInit: Start three threads .
[INFO] 12:18:17 HASnowboy: snowboy is now running... .
[ERROR] 12:18:17 HAInit: keyboard awaken engine need to be run as root, exit .
[INFO] 12:18:24 HAInit: Detected awaken from snowboy/keyboard .
[INFO] 12:18:24 HAConversation: start new conversation .
[INFO] 12:18:24 HAConversation: start recording command .
[INFO] 12:18:24 HAPlayer: Playing start_recording .
[INFO] 12:18:24 HAPlayer: start_recording play end .
[INFO] 12:18:24 HARecorder: start vad record(record_with_vad module) .
[INFO] 12:18:28 HAPlayer: Playing stop_recording .
[INFO] 12:18:28 HAPlayer: stop_recording play end .
[INFO] 12:18:28 HAConversation: start speech to text .
[INFO] 12:18:28 HAStt: start speech to text .
[INFO] 12:18:34 HAStt: stt request time cost 5.952659 .
[INFO] 12:18:34 HANlp: start text ecnet: text-帮我预定一个会议。 .
[INFO] 12:18:34 HAStt: speech recognition result(after text fixing): 帮我预定一个会议。 .
[INFO] 12:18:34 HAConversation: start recognizing the intent and slots .
[INFO] 12:19:05 HABackendInit: HadreamAssistant start  .
[INFO] 12:19:05 HABackendInit: start self check .
[INFO] 12:19:05 HABackendInit: play the welcome speech(local play)  .
[INFO] 12:19:09 HABackendInit: Start pulseaudio .
[INFO] 12:19:09 HABackendInit: Start three threads .
[INFO] 12:19:09 HASnowboy: snowboy is now running... .
[ERROR] 12:19:09 HAInit: keyboard awaken engine need to be run as root, exit .