
[INFO] 10:21:17 HABackendInit: HadreamAssistant start  .
[INFO] 10:21:17 HABackendInit: start self check .
[INFO] 10:21:17 HABackendInit: play the welcome speech(local play)  .
[INFO] 10:21:22 HABackendInit: Start pulseaudio .
[INFO] 10:21:22 HABackendInit: Start three threads .
[INFO] 10:21:22 HASnowboy: snowboy is now running... .
[ERROR] 10:21:22 HAInit: keyboard awaken engine need to be run as root, exit .
[INFO] 10:21:22 HAInit: 'enter' was pressed, please mode: 1-voice, 0-text .
[INFO] 10:22:23 HAInit: Detected awaken from snowboy/keyboard .
[INFO] 10:22:23 HAConversation: start new conversation .
[INFO] 10:22:23 HAConversation: start recording command .
[INFO] 10:22:23 HAPlayer: Playing start_recording .
[INFO] 10:22:24 HAPlayer: start_recording play end .
[INFO] 10:22:24 HARecorder: start vad record(record_with_vad module) .
[INFO] 10:22:26 HAPlayer: Playing stop_recording .
[INFO] 10:22:26 HAPlayer: stop_recording play end .
[INFO] 10:22:26 HAConversation: start speech to text .
[INFO] 10:22:26 HAStt: start speech to text .
[INFO] 10:22:32 HAStt: stt request time cost 5.720498 .
[INFO] 10:22:32 HANlp: start text ecnet: text-你好啊！ .
[INFO] 10:22:32 HAStt: speech recognition result(after text fixing): 你好啊！ .
[INFO] 10:22:32 HAConversation: start recognizing the intent and slots .
[DEBUG] 10:22:32 HANlu: analyze result: [0, 'launch', 'tuling', 0] .
[INFO] 10:22:33 HATts: tts request succeed .
[INFO] 10:22:33 HAPlayer: Playing say.wav .
[INFO] 10:22:36 HAPlayer: say.wav play end .
[INFO] 10:23:26 HAInit: Detected awaken from snowboy/keyboard .
[INFO] 10:23:26 HAConversation: start new conversation .
[INFO] 10:23:26 HAConversation: start recording command .
[INFO] 10:23:26 HAPlayer: Playing start_recording .
[INFO] 10:23:26 HAPlayer: start_recording play end .
[INFO] 10:23:26 HARecorder: start vad record(record_with_vad module) .
[INFO] 10:23:28 HAPlayer: Playing stop_recording .
[INFO] 10:23:29 HAPlayer: stop_recording play end .
[INFO] 10:23:29 HAConversation: start speech to text .
[INFO] 10:23:29 HAStt: start speech to text .
[INFO] 10:23:29 HAStt: stt request time cost 0.291520 .
[INFO] 10:23:29 HANlp: start text ecnet: text-帮我预订一个会议。 .
[INFO] 10:23:29 HAStt: speech recognition result(after text fixing): 帮我预订一个会议。 .
[INFO] 10:23:29 HAConversation: start recognizing the intent and slots .
[INFO] 10:23:29 HANlp: start text lexer: text-帮我预订一个会议。 .
[INFO] 10:23:30 HANlp: start lexer result process .
[INFO] 10:29:39 HABackendInit: HadreamAssistant start  .
[INFO] 10:29:39 HABackendInit: start self check .
[INFO] 10:29:39 HABackendInit: play the welcome speech(local play)  .
[INFO] 10:29:44 HABackendInit: Start pulseaudio .
[INFO] 10:29:44 HABackendInit: Start three threads .
[INFO] 10:29:44 HASnowboy: snowboy is now running... .
[ERROR] 10:29:44 HAInit: keyboard awaken engine need to be run as root, exit .
[INFO] 10:29:51 HAInit: Detected awaken from snowboy/keyboard .
[INFO] 10:29:51 HAConversation: start new conversation .
[INFO] 10:29:51 HAConversation: start recording command .
[INFO] 10:29:51 HAPlayer: Playing start_recording .
[INFO] 10:29:52 HAPlayer: start_recording play end .
[INFO] 10:29:52 HARecorder: start vad record(record_with_vad module) .
[INFO] 10:29:55 HAPlayer: Playing stop_recording .
[INFO] 10:29:55 HAPlayer: stop_recording play end .
[INFO] 10:29:55 HAConversation: start speech to text .
[INFO] 10:29:55 HAStt: start speech to text .
[INFO] 10:30:00 HAStt: stt request time cost 5.292168 .
[INFO] 10:30:00 HANlp: start text ecnet: text-帮我预订一个会议。 .
[INFO] 10:30:01 HAStt: speech recognition result(after text fixing): 帮我预订一个会议。 .
[INFO] 10:30:01 HAConversation: start recognizing the intent and slots .
[INFO] 10:30:39 HABackendInit: HadreamAssistant start  .
[INFO] 10:30:39 HABackendInit: start self check .
[INFO] 10:30:39 HABackendInit: play the welcome speech(local play)  .
[INFO] 10:30:43 HABackendInit: Start pulseaudio .
[INFO] 10:30:44 HABackendInit: Start three threads .
[ERROR] 10:30:44 HAInit: keyboard awaken engine need to be run as root, exit .
[INFO] 10:30:44 HASnowboy: snowboy is now running... .
[INFO] 10:30:53 HAInit: Detected awaken from snowboy/keyboard .
[INFO] 10:30:53 HAConversation: start new conversation .
[INFO] 10:30:53 HAConversation: start recording command .
[INFO] 10:30:53 HAPlayer: Playing start_recording .
[INFO] 10:30:54 HAPlayer: start_recording play end .
[INFO] 10:30:54 HARecorder: start vad record(record_with_vad module) .
[INFO] 10:30:56 HAPlayer: Playing stop_recording .
[INFO] 10:30:57 HAPlayer: stop_recording play end .
[INFO] 10:30:57 HAConversation: start speech to text .
[INFO] 10:30:57 HAStt: start speech to text .
[INFO] 10:31:02 HAStt: stt request time cost 5.313836 .
[INFO] 10:31:02 HANlp: start text ecnet: text-帮我预定一个会议。 .
[INFO] 10:31:02 HAStt: speech recognition result(after text fixing): 帮我预定一个会议。 .
[INFO] 10:31:02 HAConversation: start recognizing the intent and slots .
[DEBUG] 10:31:02 HANlu: analyze result: [0, 'book_meeting', 'notion', 0] .
[INFO] 10:31:02 HASkillNotion: start search handle_func, intent-book_meeting .
[INFO] 10:31:02 HASkillNotion: start intent_handler-book_meeting .
[INFO] 10:31:03 HATts: tts request succeed .
[INFO] 10:31:03 HAPlayer: Playing say.wav .
[INFO] 10:31:07 HAPlayer: say.wav play end .
[INFO] 10:31:07 HAPlayer: Playing start_recording .
[INFO] 10:31:08 HAPlayer: start_recording play end .
[INFO] 10:31:08 HARecorder: start vad record(record_with_vad module) .
[INFO] 10:31:11 HAPlayer: Playing stop_recording .
[INFO] 10:31:12 HAPlayer: stop_recording play end .
[INFO] 10:31:13 HATts: tts request succeed .
[INFO] 10:31:13 HAPlayer: Playing say.wav .
[INFO] 10:31:18 HAPlayer: say.wav play end .
[INFO] 10:31:21 HAInit: Detected awaken from snowboy/keyboard .
[INFO] 10:31:21 HAConversation: start new conversation .
[INFO] 10:31:21 HAConversation: start recording command .
[INFO] 10:31:21 HAPlayer: Playing start_recording .
[INFO] 10:31:21 HAPlayer: start_recording play end .
[INFO] 10:31:21 HARecorder: start vad record(record_with_vad module) .
[INFO] 10:31:29 HAPlayer: Playing stop_recording .
[INFO] 10:31:29 HAPlayer: stop_recording play end .
[INFO] 10:31:29 HAConversation: start speech to text .
[INFO] 10:31:29 HAStt: start speech to text .
[INFO] 10:31:30 HAStt: stt request time cost 0.689119 .
[INFO] 10:31:30 HANlp: start text ecnet: text-我想听音乐。 .
[INFO] 10:31:30 HAStt: speech recognition result(after text fixing): 我想听音乐。 .
[INFO] 10:31:30 HAConversation: start recognizing the intent and slots .
[DEBUG] 10:31:30 HANlu: analyze result: [0, 'play_music', 'play_music', 0] .
[INFO] 10:31:30 XiaolanSkillMusicPlayer: Start .
[INFO] 10:31:31 HATts: tts request succeed .
[INFO] 10:31:31 HAPlayer: Playing say.wav .
[INFO] 10:31:34 HAPlayer: say.wav play end .
[INFO] 10:31:37 HAInit: Detected awaken from snowboy/keyboard .
[INFO] 10:31:37 HAConversation: start new conversation .
[INFO] 10:31:37 HAConversation: start recording command .
[INFO] 10:31:37 HAPlayer: Playing start_recording .
[INFO] 10:31:37 HAPlayer: start_recording play end .
[INFO] 10:31:37 HARecorder: start vad record(record_with_vad module) .
[INFO] 10:31:47 HAPlayer: Playing stop_recording .
[INFO] 10:31:47 HAPlayer: stop_recording play end .
[INFO] 10:31:47 HAConversation: start speech to text .
[INFO] 10:31:47 HAStt: start speech to text .
[INFO] 10:31:48 HAStt: stt request time cost 0.707778 .
[INFO] 10:31:48 HANlp: start text ecnet: text-退出播放呃，没错。 .
[INFO] 10:31:49 HAStt: speech recognition result(after text fixing): 退出播放呃，没错。 .
[INFO] 10:31:49 HAConversation: start recognizing the intent and slots .
[DEBUG] 10:31:49 HANlu: analyze result: [0, 'pause', 'play_music', 0] .
[INFO] 10:31:49 XiaolanSkillMusicPlayer: Start .