
[INFO] 10:17:44 

            ###########################################
                         HadreamAssistant
                   ---Customize Work Assistant---
              (c)2021 Lanzhijiang all rights reserved
                  Email: lanzhijiang@foxmail.com
            ###########################################

         .
[INFO] 10:17:44 HABackendInit: HadreamAssistant start  .
[INFO] 10:17:44 HABackendInit: start self check .
[INFO] 10:17:44 HABackendInit: play the welcome speech(local play)  .
[INFO] 10:17:48 HABackendInit: Start pulseaudio .
[INFO] 10:17:49 HABackendInit: Start three threads .
[INFO] 10:17:49 HASnowboy: snowboy is now running... .
[ERROR] 10:17:49 HAInit: keyboard awaken engine need to be run as root, exit .
[INFO] 10:18:43 HAInit: Detected awaken from snowboy/keyboard .
[INFO] 10:18:43 HAConversation: start new conversation .
[INFO] 10:18:43 HAConversation: start recording command .
[INFO] 10:18:43 HAPlayer: Playing start_recording .
[INFO] 10:18:44 HAPlayer: start_recording play end .
[INFO] 10:18:44 HARecorder: start vad record(record_with_vad module) .
[INFO] 10:18:46 HAPlayer: Playing stop_recording .
[INFO] 10:18:46 HAPlayer: stop_recording play end .
[INFO] 10:18:46 HAConversation: start speech to text .
[INFO] 10:18:46 HAStt: start speech to text .
[INFO] 10:18:52 HAStt: stt request time cost 5.990069 .
[DEBUG] 10:18:52 HAStt: stt response {'corpus_no': '7042490226207401163', 'err_msg': 'success.', 'err_no': 0, 'result': ['不想听歌。'], 'sn': '699279932721639707531'} .
[INFO] 10:18:52 HANlp: start text ecnet: text-不想听歌。 .
[INFO] 10:18:53 HAStt: speech recognition result(after text fixing): 不想听歌。 .
[INFO] 10:18:53 HAConversation: start recognizing the intent and slots .
[DEBUG] 10:18:53 HANlu: analyze result: [0, 'launch', 'tuling', {}] .
[INFO] 10:18:54 HATts: tts request succeed .
[INFO] 10:18:54 HAPlayer: Playing say.wav .
[INFO] 10:18:56 HAPlayer: say.wav play end .
[INFO] 10:18:59 HAInit: Detected awaken from snowboy/keyboard .
[INFO] 10:18:59 HAConversation: start new conversation .
[INFO] 10:18:59 HAConversation: start recording command .
[INFO] 10:18:59 HAPlayer: Playing start_recording .
[INFO] 10:19:00 HAPlayer: start_recording play end .
[INFO] 10:19:00 HARecorder: start vad record(record_with_vad module) .
[INFO] 10:19:03 HAPlayer: Playing stop_recording .
[INFO] 10:19:03 HAPlayer: stop_recording play end .
[INFO] 10:19:03 HAConversation: start speech to text .
[INFO] 10:19:03 HAStt: start speech to text .
[INFO] 10:19:03 HAStt: stt request time cost 0.265089 .
[DEBUG] 10:19:03 HAStt: stt response {'corpus_no': '7042490273333135163', 'err_msg': 'success.', 'err_no': 0, 'result': ['帮我放音乐。'], 'sn': '896064124081639707543'} .
[INFO] 10:19:03 HANlp: start text ecnet: text-帮我放音乐。 .
[INFO] 10:19:03 HAStt: speech recognition result(after text fixing): 帮我放音乐。 .
[INFO] 10:19:03 HAConversation: start recognizing the intent and slots .
[INFO] 10:19:03 HANlu: skill intent compared, play_music-play_music .
[DEBUG] 10:19:03 HANlu: analyze result: [0, 'play_music', 'play_music', {}] .
[INFO] 10:19:03 XiaolanSkillMusicPlayer: Start .
[INFO] 10:19:04 HATts: tts request succeed .
[INFO] 10:19:04 HAPlayer: Playing say.wav .
[INFO] 10:19:07 HAPlayer: say.wav play end .
[INFO] 10:22:24 HAInit: Detected awaken from snowboy/keyboard .
[INFO] 10:22:24 HAConversation: start new conversation .
[INFO] 10:22:24 HAConversation: start recording command .
[INFO] 10:22:24 HAPlayer: Playing start_recording .
[INFO] 10:22:24 HAPlayer: start_recording play end .
[INFO] 10:22:24 HARecorder: start vad record(record_with_vad module) .
[INFO] 10:22:27 HAPlayer: Playing stop_recording .
[INFO] 10:22:27 HAPlayer: stop_recording play end .
[INFO] 10:22:27 HAConversation: start speech to text .
[INFO] 10:22:27 HAStt: start speech to text .
[INFO] 10:22:27 HAStt: stt request time cost 0.495400 .
[DEBUG] 10:22:27 HAStt: stt response {'corpus_no': '7042491149623335648', 'err_msg': 'success.', 'err_no': 0, 'result': ['停止播放。'], 'sn': '33374721411639707747'} .
[INFO] 10:22:27 HANlp: start text ecnet: text-停止播放。 .
[INFO] 10:22:28 HAStt: speech recognition result(after text fixing): 停止播放。 .
[INFO] 10:22:28 HAConversation: start recognizing the intent and slots .
[INFO] 10:22:28 HANlu: skill intent compared, play_music-pause .
[DEBUG] 10:22:28 HANlu: analyze result: [0, 'pause', 'play_music', {}] .
[INFO] 10:22:28 XiaolanSkillMusicPlayer: Start .
[INFO] 12:09:47 HAInit: Detected awaken from snowboy/keyboard .
[INFO] 12:09:47 HAConversation: start new conversation .
[INFO] 12:09:47 HAConversation: start recording command .
[INFO] 12:09:47 HAPlayer: Playing start_recording .
[INFO] 12:09:47 HAPlayer: start_recording play end .
[INFO] 12:09:47 HARecorder: start vad record(record_with_vad module) .
[INFO] 12:09:49 HAPlayer: Playing stop_recording .
[INFO] 12:09:49 HAPlayer: stop_recording play end .
[INFO] 12:09:49 HAConversation: start speech to text .
[INFO] 12:09:49 HAStt: start speech to text .
[INFO] 12:09:50 HAStt: stt request time cost 0.710021 .
[DEBUG] 12:09:50 HAStt: stt response {'corpus_no': '7042518822245918924', 'err_msg': 'success.', 'err_no': 0, 'result': ['为哦。'], 'sn': '249367962641639714189'} .
[INFO] 12:09:50 HANlp: start text ecnet: text-为哦。 .
[INFO] 12:09:50 HAStt: speech recognition result(after text fixing): 为哦。 .
[INFO] 12:09:50 HAConversation: start recognizing the intent and slots .
[DEBUG] 12:09:50 HANlu: analyze result: [0, 'launch', 'tuling', {}] .
[INFO] 12:09:51 HATts: tts request succeed .
[INFO] 12:09:51 HAPlayer: Playing say.wav .
[INFO] 12:09:52 HAPlayer: say.wav play end .
[INFO] 17:51:43 

            ###########################################
                         HadreamAssistant
                   ---Customize Work Assistant---
              (c)2021 Lanzhijiang all rights reserved
                  Email: lanzhijiang@foxmail.com
            ###########################################

         .
[INFO] 17:51:43 HABackendInit: HadreamAssistant start  .
[INFO] 17:51:43 HABackendInit: start self check .
[INFO] 17:51:43 HABackendInit: play the welcome speech(local play)  .
[INFO] 17:51:48 HABackendInit: Start pulseaudio .
[INFO] 17:51:48 HABackendInit: Start three threads .
[INFO] 17:51:48 HASnowboy: snowboy is now running... .
[ERROR] 17:51:48 HAInit: keyboard awaken engine need to be run as root, exit .
[INFO] 17:51:50 HAInit: Detected awaken from snowboy/keyboard .
[INFO] 17:51:50 HAConversation: start new conversation .
[INFO] 17:51:50 HAConversation: start recording command .
[INFO] 17:51:50 HAPlayer: Playing start_recording .
[INFO] 17:51:50 HAPlayer: start_recording play end .
[INFO] 17:51:50 HARecorder: start vad record(record_with_vad module) .
[INFO] 17:51:53 HAPlayer: Playing stop_recording .
[INFO] 17:51:53 HAPlayer: stop_recording play end .
[INFO] 17:51:53 HAConversation: start speech to text .
[INFO] 17:51:53 HAStt: start speech to text .
[INFO] 17:52:00 HAStt: stt request time cost 6.252677 .
[DEBUG] 17:52:00 HAStt: stt response {'corpus_no': '7042606993527871756', 'err_msg': 'success.', 'err_no': 0, 'result': ['袁一泓。'], 'sn': '579181526341639734719'} .
[INFO] 17:52:00 HANlp: start text ecnet: text-袁一泓。 .
[INFO] 17:52:00 HAStt: speech recognition result(after text fixing): 袁一泓。 .
[INFO] 17:52:00 HAConversation: start recognizing the intent and slots .
[DEBUG] 17:52:00 HANlu: analyze result: [0, 'launch', 'tuling', {}] .
[INFO] 17:52:01 HATts: tts request succeed .
[INFO] 17:52:01 HAPlayer: Playing say.wav .
[INFO] 17:52:03 HAPlayer: say.wav play end .
[INFO] 17:52:19 HAInit: Detected awaken from snowboy/keyboard .
[INFO] 17:52:19 HAConversation: start new conversation .
[INFO] 17:52:19 HAConversation: start recording command .
[INFO] 17:52:19 HAPlayer: Playing start_recording .
[INFO] 17:52:19 HAPlayer: start_recording play end .
[INFO] 17:52:19 HARecorder: start vad record(record_with_vad module) .
[INFO] 17:52:26 HAPlayer: Playing stop_recording .
[INFO] 17:52:26 HAPlayer: stop_recording play end .
[INFO] 17:52:26 HAConversation: start speech to text .
[INFO] 17:52:26 HAStt: start speech to text .
[INFO] 17:52:27 HAStt: stt request time cost 0.970107 .
[DEBUG] 17:52:27 HAStt: stt response {'corpus_no': '7042607109556403984', 'err_msg': 'success.', 'err_no': 0, 'result': ['那个nooo然后换个单词，换个单词就换换字就换。'], 'sn': '325625618491639734746'} .
[INFO] 17:52:27 HANlp: start text ecnet: text-那个nooo然后换个单词，换个单词就换换字就换。 .
[INFO] 17:52:27 HAStt: speech recognition result(after text fixing): 那个nooo然后换个单词，换个单词就换换字就换。 .
[INFO] 17:52:27 HAConversation: start recognizing the intent and slots .
[DEBUG] 17:52:27 HANlu: analyze result: [0, 'launch', 'tuling', {}] .
[INFO] 17:52:28 HATts: tts request succeed .
[INFO] 17:52:28 HAPlayer: Playing say.wav .
[INFO] 17:52:30 HAPlayer: say.wav play end .
[INFO] 17:55:00 

            ###########################################
                         HadreamAssistant
                   ---Customize Work Assistant---
              (c)2021 Lanzhijiang all rights reserved
                  Email: lanzhijiang@foxmail.com
            ###########################################

         .
[INFO] 17:55:00 HABackendInit: HadreamAssistant start  .
[INFO] 17:55:00 HABackendInit: start self check .
[INFO] 17:55:00 HABackendInit: play the welcome speech(local play)  .
[INFO] 17:55:05 HABackendInit: Start pulseaudio .
[INFO] 17:55:05 HABackendInit: Start three threads .
[ERROR] 17:55:05 HAInit: keyboard awaken engine need to be run as root, exit .
[INFO] 17:55:05 HASnowboy: snowboy is now running... .
[INFO] 17:55:55 

            ###########################################
                         HadreamAssistant
                   ---Customize Work Assistant---
              (c)2021 Lanzhijiang all rights reserved
                  Email: lanzhijiang@foxmail.com
            ###########################################

         .
[INFO] 17:55:55 HABackendInit: HadreamAssistant start  .
[INFO] 17:55:55 HABackendInit: start self check .
[INFO] 17:55:55 HABackendInit: play the welcome speech(local play)  .
[INFO] 17:55:59 HABackendInit: Start pulseaudio .
[INFO] 17:55:59 HABackendInit: Start three threads .
[INFO] 17:55:59 HASnowboy: snowboy is now running... .
[ERROR] 17:55:59 HAInit: keyboard awaken engine need to be run as root, exit .
[INFO] 18:00:46 

            ###########################################
                         HadreamAssistant
                   ---Customize Work Assistant---
              (c)2021 Lanzhijiang all rights reserved
                  Email: lanzhijiang@foxmail.com
            ###########################################

         .
[INFO] 18:00:46 HABackendInit: HadreamAssistant start  .
[INFO] 18:00:46 HABackendInit: start self check .
[INFO] 18:00:46 HABackendInit: play the welcome speech(local play)  .
[INFO] 18:00:50 HABackendInit: Start pulseaudio .
[INFO] 18:00:50 HABackendInit: Start three threads .
[INFO] 18:00:50 HASnowboy: snowboy is now running... .
[ERROR] 18:00:50 HAInit: keyboard awaken engine need to be run as root, exit .
[INFO] 18:00:51 HAInit: Detected awaken from snowboy/keyboard .
[INFO] 18:00:51 HAConversation: start new conversation .
[INFO] 18:00:51 HAConversation: start recording command .
[INFO] 18:00:51 HAPlayer: Playing start_recording .
[INFO] 18:00:51 HAPlayer: start_recording play end .
[INFO] 18:00:51 HARecorder: start vad record(record_with_vad module) .
[INFO] 18:00:53 HAPlayer: Playing stop_recording .
[INFO] 18:00:54 HAPlayer: stop_recording play end .
[INFO] 18:00:54 HAConversation: start speech to text .
[INFO] 18:00:54 HAStt: start speech to text .
[INFO] 18:00:59 HAStt: stt request time cost 5.253003 .
[DEBUG] 18:00:59 HAStt: stt response {'corpus_no': '7042609315736032719', 'err_msg': 'success.', 'err_no': 0, 'result': ['呵。'], 'sn': '411360741639735259'} .
[INFO] 18:00:59 HANlp: start text ecnet: text-呵。 .
[INFO] 18:00:59 HAStt: speech recognition result(after text fixing): 呵。 .
[INFO] 18:00:59 HAConversation: start recognizing the intent and slots .
[DEBUG] 18:00:59 HANlu: analyze result: [0, 'launch', 'tuling', {}] .
[INFO] 18:01:00 HATts: tts request succeed .
[INFO] 18:01:00 HAPlayer: Playing say.wav .
[INFO] 18:01:03 HAPlayer: say.wav play end .
[INFO] 18:02:43 

            ###########################################
                         HadreamAssistant
                   ---Customize Work Assistant---
              (c)2021 Lanzhijiang all rights reserved
                  Email: lanzhijiang@foxmail.com
            ###########################################

         .
[INFO] 18:02:43 HABackendInit: HadreamAssistant start  .
[INFO] 18:02:43 HABackendInit: start self check .
[INFO] 18:02:43 HABackendInit: play the welcome speech(local play)  .
[INFO] 18:02:48 HABackendInit: Start pulseaudio .
[INFO] 18:02:48 HABackendInit: Start three threads .
[INFO] 18:02:48 HASnowboy: snowboy is now running... .
[ERROR] 18:02:48 HAInit: keyboard awaken engine need to be run as root, exit .
[INFO] 18:02:50 HAInit: Detected awaken from snowboy/keyboard .
[INFO] 18:02:50 HAConversation: start new conversation .
[INFO] 18:02:50 HAConversation: start recording command .
[INFO] 18:02:50 HAPlayer: Playing start_recording .
[INFO] 18:02:50 HAPlayer: start_recording play end .
[INFO] 18:02:50 HARecorder: start vad record(record_with_vad module) .
[INFO] 18:02:57 HAPlayer: Playing stop_recording .
[INFO] 18:02:57 HAPlayer: stop_recording play end .
[INFO] 18:02:57 HAConversation: start speech to text .
[INFO] 18:02:57 HAStt: start speech to text .
[INFO] 18:03:02 HAStt: stt request time cost 5.664111 .
[DEBUG] 18:03:02 HAStt: stt response {'corpus_no': '7042609841096177623', 'err_msg': 'success.', 'err_no': 0, 'result': ['哦哼，这是什么机器？'], 'sn': '292975130191639735382'} .
[INFO] 18:03:03 HANlp: start text ecnet: text-哦哼，这是什么机器？ .
[INFO] 18:03:03 HAStt: speech recognition result(after text fixing): 哦哼，这是什么机器？ .
[INFO] 18:03:03 HAConversation: start recognizing the intent and slots .
[DEBUG] 18:03:03 HANlu: analyze result: [0, 'launch', 'tuling', {}] .
[INFO] 18:03:04 HATts: tts request succeed .
[INFO] 18:03:04 HAPlayer: Playing say.wav .
[INFO] 18:03:05 HAPlayer: say.wav play end .
[INFO] 18:03:05 HAInit: Detected awaken from snowboy/keyboard .
[INFO] 18:03:05 HAConversation: start new conversation .
[INFO] 18:03:05 HAConversation: start recording command .
[INFO] 18:03:05 HAPlayer: Playing start_recording .
[INFO] 18:03:05 HAPlayer: start_recording play end .
[INFO] 18:03:05 HARecorder: start vad record(record_with_vad module) .
[INFO] 18:03:10 HAPlayer: Playing stop_recording .
[INFO] 18:03:10 HAPlayer: stop_recording play end .
[INFO] 18:03:10 HAConversation: start speech to text .
[INFO] 18:03:10 HAStt: start speech to text .
[INFO] 18:03:11 HAStt: stt request time cost 0.611806 .
[DEBUG] 18:03:11 HAStt: stt response {'corpus_no': '7042609875384842700', 'err_msg': 'success.', 'err_no': 0, 'result': ['哎，你这两个这个皮筋还要吗要？'], 'sn': '688126659211639735390'} .
[INFO] 18:03:11 HANlp: start text ecnet: text-哎，你这两个这个皮筋还要吗要？ .
[INFO] 18:03:11 HAStt: speech recognition result(after text fixing): 哎，你这两个这个皮筋还要吗要？ .
[INFO] 18:03:11 HAConversation: start recognizing the intent and slots .
[DEBUG] 18:03:11 HANlu: analyze result: [0, 'launch', 'tuling', {}] .
[INFO] 18:03:12 HATts: tts request succeed .
[INFO] 18:03:12 HAPlayer: Playing say.wav .
[INFO] 18:03:14 HAPlayer: say.wav play end .
[INFO] 18:03:14 HAInit: Detected awaken from snowboy/keyboard .
[INFO] 18:03:14 HAConversation: start new conversation .
[INFO] 18:03:14 HAConversation: start recording command .
[INFO] 18:03:14 HAPlayer: Playing start_recording .
[INFO] 18:03:15 HAPlayer: start_recording play end .
[INFO] 18:03:15 HARecorder: start vad record(record_with_vad module) .
[INFO] 18:03:26 HAPlayer: Playing stop_recording .
[INFO] 18:03:26 HAPlayer: stop_recording play end .
[INFO] 18:03:26 HAConversation: start speech to text .
[INFO] 18:03:26 HAStt: start speech to text .
[INFO] 18:03:27 HAStt: stt request time cost 0.993907 .
[DEBUG] 18:03:27 HAStt: stt response {'corpus_no': '7042609647705709264', 'err_msg': 'success.', 'err_no': 0, 'result': ['为什么要玩小小小零件？小蓝同学，这还有他就离他还没有那个。'], 'sn': '962385345191639735406'} .
[INFO] 18:03:27 HANlp: start text ecnet: text-为什么要玩小小小零件？小蓝同学，这还有他就离他还没有那个。 .
[INFO] 18:03:27 HAStt: speech recognition result(after text fixing): 为什么要玩小小小零件？小蓝同学，这还有他就离他还没有哪个。 .
[INFO] 18:03:27 HAConversation: start recognizing the intent and slots .
[DEBUG] 18:03:27 HANlu: analyze result: [0, 'launch', 'tuling', {}] .
[INFO] 18:03:28 HATts: tts request succeed .
[INFO] 18:03:28 HAPlayer: Playing say.wav .
[INFO] 18:03:31 HAPlayer: say.wav play end .
[INFO] 18:03:31 HAInit: Detected awaken from snowboy/keyboard .
[INFO] 18:03:31 HAConversation: start new conversation .
[INFO] 18:03:31 HAConversation: start recording command .
[INFO] 18:03:31 HAPlayer: Playing start_recording .
[INFO] 18:03:32 HAPlayer: start_recording play end .
[INFO] 18:03:32 HARecorder: start vad record(record_with_vad module) .
[INFO] 18:03:49 

            ###########################################
                         HadreamAssistant
                   ---Customize Work Assistant---
              (c)2021 Lanzhijiang all rights reserved
                  Email: lanzhijiang@foxmail.com
            ###########################################

         .
[INFO] 18:03:49 HABackendInit: HadreamAssistant start  .
[INFO] 18:03:49 HABackendInit: start self check .
[INFO] 18:03:49 HABackendInit: play the welcome speech(local play)  .
[INFO] 18:03:53 HABackendInit: Start pulseaudio .
[INFO] 18:03:53 HABackendInit: Start three threads .
[INFO] 18:03:53 HASnowboy: snowboy is now running... .
[ERROR] 18:03:53 HAInit: keyboard awaken engine need to be run as root, exit .
[INFO] 18:04:01 HAInit: Detected awaken from snowboy/keyboard .
[INFO] 18:04:01 HAConversation: start new conversation .
[INFO] 18:04:01 HAConversation: start recording command .
[INFO] 18:04:01 HAPlayer: Playing start_recording .
[INFO] 18:04:02 HAPlayer: start_recording play end .
[INFO] 18:04:02 HARecorder: start vad record(record_with_vad module) .
[INFO] 18:04:08 HAPlayer: Playing stop_recording .
[INFO] 18:04:08 HAPlayer: stop_recording play end .
[INFO] 18:04:08 HAConversation: start speech to text .
[INFO] 18:04:08 HAStt: start speech to text .
[INFO] 18:04:13 HAStt: stt request time cost 5.287291 .
[DEBUG] 18:04:13 HAStt: stt response {'corpus_no': '7042610146070182987', 'err_msg': 'success.', 'err_no': 0, 'result': ['哎。'], 'sn': '264294972591639735453'} .
[INFO] 18:04:13 HANlp: start text ecnet: text-哎。 .
[INFO] 18:04:13 HAStt: speech recognition result(after text fixing): 哎。 .
[INFO] 18:04:13 HAConversation: start recognizing the intent and slots .
[DEBUG] 18:04:13 HANlu: analyze result: [0, 'launch', 'tuling', {}] .
[INFO] 18:04:14 HATts: tts request succeed .
[INFO] 18:04:14 HAPlayer: Playing say.wav .
[INFO] 18:04:16 HAPlayer: say.wav play end .
[INFO] 18:04:21 HAInit: Detected awaken from snowboy/keyboard .
[INFO] 18:04:21 HAConversation: start new conversation .
[INFO] 18:04:21 HAConversation: start recording command .
[INFO] 18:04:21 HAPlayer: Playing start_recording .
[INFO] 18:04:21 HAPlayer: start_recording play end .
[INFO] 18:04:21 HARecorder: start vad record(record_with_vad module) .
[INFO] 18:04:26 HAPlayer: Playing stop_recording .
[INFO] 18:04:27 HAPlayer: stop_recording play end .
[INFO] 18:04:27 HAConversation: start speech to text .
[INFO] 18:04:27 HAStt: start speech to text .
[INFO] 18:04:27 HAStt: stt request time cost 0.470772 .
[DEBUG] 18:04:27 HAStt: stt response {'corpus_no': '7042610206213653685', 'err_msg': 'success.', 'err_no': 0, 'result': ['帮我预约一个周四晚上八点半的会议。'], 'sn': '928774772861639735467'} .
[INFO] 18:04:27 HANlp: start text ecnet: text-帮我预约一个周四晚上八点半的会议。 .
[INFO] 18:04:27 HAStt: speech recognition result(after text fixing): 帮我预约一个周四晚上八点半的会议。 .
[INFO] 18:04:27 HAConversation: start recognizing the intent and slots .
[INFO] 18:04:27 HANlu: skill intent compared, notion-book_meeting .
[INFO] 18:04:27 HANlp: start text lexer: text-帮我预约一个周四晚上八点半的会议。 .
[INFO] 18:04:28 HANlp: start lexer result process .
[INFO] 18:04:28 HANlu: start filling slot-date in nlp mode .
[INFO] 18:04:28 HANlu: start filling slot-attender in nlp mode .
[INFO] 18:04:28 HANlu: cannot resolve slot from nlp's preset .
[INFO] 18:04:28 HANlu: ask slot is not available, skip slot .
[DEBUG] 18:04:28 HANlu: analyze result: [0, 'book_meeting', 'notion', {'date': [{'offset': 6, 'length': 7, 'content': '周四晚上八点半', 'basic_words': ['周四', '晚上', '八', '点', '半'], 'ne': 'TIME', 'pos': ''}]}] .
[INFO] 18:04:28 HASkillNotion: start search handle_func, intent-book_meeting .
[INFO] 18:04:28 HASkillNotion: start intent_handler-book_meeting .
[INFO] 18:04:29 HATts: tts request succeed .
[INFO] 18:04:29 HAPlayer: Playing say.wav .
[INFO] 18:04:33 HAPlayer: say.wav play end .
[INFO] 18:04:33 HAPlayer: Playing start_recording .
[INFO] 18:04:34 HAPlayer: start_recording play end .
[INFO] 18:04:34 HARecorder: start vad record(record_with_vad module) .
[INFO] 18:04:37 HAPlayer: Playing stop_recording .
[INFO] 18:04:37 HAPlayer: stop_recording play end .
[INFO] 18:04:38 HATts: tts request succeed .
[INFO] 18:04:38 HAPlayer: Playing say.wav .
[INFO] 18:04:44 HAPlayer: say.wav play end .
[INFO] 18:04:57 HAInit: Detected awaken from snowboy/keyboard .
[INFO] 18:04:57 HAConversation: start new conversation .
[INFO] 18:04:57 HAConversation: start recording command .
[INFO] 18:04:57 HAPlayer: Playing start_recording .
[INFO] 18:04:58 HAPlayer: start_recording play end .
[INFO] 18:04:58 HARecorder: start vad record(record_with_vad module) .
[INFO] 18:05:04 HAPlayer: Playing stop_recording .
[INFO] 18:05:04 HAPlayer: stop_recording play end .
[INFO] 18:05:04 HAConversation: start speech to text .
[INFO] 18:05:04 HAStt: start speech to text .
[INFO] 18:05:05 HAStt: stt request time cost 0.663631 .
[DEBUG] 18:05:05 HAStt: stt response {'corpus_no': '7042610365028356104', 'err_msg': 'success.', 'err_no': 0, 'result': ['袁一泓是谁？'], 'sn': '847695719771639735504'} .
[INFO] 18:05:05 HANlp: start text ecnet: text-袁一泓是谁？ .
[INFO] 18:05:05 HAStt: speech recognition result(after text fixing): 袁一泓是谁？ .
[INFO] 18:05:05 HAConversation: start recognizing the intent and slots .
[DEBUG] 18:05:05 HANlu: analyze result: [0, 'launch', 'tuling', {}] .
[INFO] 18:05:06 HATts: tts request succeed .
[INFO] 18:05:06 HAPlayer: Playing say.wav .
[INFO] 18:05:07 HAPlayer: say.wav play end .
[INFO] 18:05:19 HAInit: Detected awaken from snowboy/keyboard .
[INFO] 18:05:19 HAConversation: start new conversation .
[INFO] 18:05:19 HAConversation: start recording command .
[INFO] 18:05:19 HAPlayer: Playing start_recording .
[INFO] 18:05:20 HAPlayer: start_recording play end .
[INFO] 18:05:20 HARecorder: start vad record(record_with_vad module) .
[INFO] 18:05:23 HAPlayer: Playing stop_recording .
[INFO] 18:05:23 HAPlayer: stop_recording play end .
[INFO] 18:05:23 HAConversation: start speech to text .
[INFO] 18:05:23 HAStt: start speech to text .
[INFO] 18:05:23 HAStt: stt request time cost 0.251845 .
[DEBUG] 18:05:23 HAStt: stt response {'corpus_no': '7042610446461936047', 'err_msg': 'success.', 'err_no': 0, 'result': ['帮我预约一个会员。'], 'sn': '117947562421639735523'} .
[INFO] 18:05:23 HANlp: start text ecnet: text-帮我预约一个会员。 .
[INFO] 18:05:24 HAStt: speech recognition result(after text fixing): 帮我预约一个会员。 .
[INFO] 18:05:24 HAConversation: start recognizing the intent and slots .
[DEBUG] 18:05:24 HANlu: analyze result: [0, 'launch', 'tuling', {}] .
[INFO] 18:05:25 HATts: tts request succeed .
[INFO] 18:05:25 HAPlayer: Playing say.wav .
[INFO] 18:05:27 HAPlayer: say.wav play end .
[INFO] 18:05:50 HAInit: Detected awaken from snowboy/keyboard .
[INFO] 18:05:50 HAConversation: start new conversation .
[INFO] 18:05:50 HAConversation: start recording command .
[INFO] 18:05:50 HAPlayer: Playing start_recording .
[INFO] 18:05:51 HAPlayer: start_recording play end .
[INFO] 18:05:51 HARecorder: start vad record(record_with_vad module) .
[INFO] 18:05:54 HAPlayer: Playing stop_recording .
[INFO] 18:05:54 HAPlayer: stop_recording play end .
[INFO] 18:05:54 HAConversation: start speech to text .
[INFO] 18:05:54 HAStt: start speech to text .
[INFO] 18:05:55 HAStt: stt request time cost 0.559672 .
[DEBUG] 18:05:55 HAStt: stt response {'corpus_no': '7042610579863982056', 'err_msg': 'success.', 'err_no': 0, 'result': ['帮我预约一个会议。'], 'sn': '65038230311639735554'} .
[INFO] 18:05:55 HANlp: start text ecnet: text-帮我预约一个会议。 .
[INFO] 18:05:55 HAStt: speech recognition result(after text fixing): 帮我预约一个会议。 .
[INFO] 18:05:55 HAConversation: start recognizing the intent and slots .
[INFO] 18:05:55 HANlu: skill intent compared, notion-book_meeting .
[INFO] 18:05:55 HANlp: start text lexer: text-帮我预约一个会议。 .
[INFO] 18:05:55 HANlp: start lexer result process .
[INFO] 18:05:56 HANlu: start filling slot-date in nlp mode .
[INFO] 18:05:56 HANlu: cannot resolve slot from nlp's preset .
[INFO] 18:05:56 HANlu: ask slot is available, start ask slot .
[INFO] 18:05:57 HATts: tts request succeed .
[INFO] 18:05:57 HAPlayer: Playing say.wav .
[INFO] 18:06:00 HAPlayer: say.wav play end .
[INFO] 18:06:00 HAPlayer: Playing start_recording .
[INFO] 18:06:00 HAPlayer: start_recording play end .
[INFO] 18:06:00 HARecorder: start vad record(record_with_vad module) .
[INFO] 18:06:07 HAPlayer: Playing stop_recording .
[INFO] 18:06:07 HAPlayer: stop_recording play end .
[INFO] 18:06:07 HAStt: start speech to text .
[INFO] 18:06:08 HAStt: stt request time cost 0.549894 .
[DEBUG] 18:06:08 HAStt: stt response {'corpus_no': '7042610635631100175', 'err_msg': 'success.', 'err_no': 0, 'result': ['袁一泓想要举行一个会议。'], 'sn': '802167796051639735567'} .
[INFO] 18:06:08 HANlp: start text ecnet: text-袁一泓想要举行一个会议。 .
[INFO] 18:06:08 HAStt: speech recognition result(after text fixing): 袁一泓想要举行一个会议。 .
[INFO] 18:06:08 HANlp: start text lexer: text-袁一泓想要举行一个会议。 .
[INFO] 18:06:08 HANlp: start lexer result process .
[INFO] 18:06:09 HATts: tts request succeed .
[INFO] 18:06:09 HAPlayer: Playing say.wav .
[INFO] 18:06:15 HAPlayer: say.wav play end .
[INFO] 18:06:15 HANlu: ask slot-date failed, no word compared .
[INFO] 18:06:15 HANlu: ask slot is not available, skip slot .
[INFO] 18:06:15 HANlu: start filling slot-attender in nlp mode .
[INFO] 18:06:15 HANlu: cannot resolve slot from nlp's preset .
[INFO] 18:06:15 HANlu: ask slot is not available, skip slot .
[DEBUG] 18:06:15 HANlu: analyze result: [0, 'book_meeting', 'notion', {}] .
[INFO] 18:06:15 HASkillNotion: start search handle_func, intent-book_meeting .
[INFO] 18:06:15 HASkillNotion: start intent_handler-book_meeting .
[INFO] 18:06:16 HATts: tts request succeed .
[INFO] 18:06:16 HAPlayer: Playing say.wav .
[INFO] 18:06:20 HAPlayer: say.wav play end .
[INFO] 18:06:20 HAPlayer: Playing start_recording .
[INFO] 18:06:20 HAPlayer: start_recording play end .
[INFO] 18:06:20 HARecorder: start vad record(record_with_vad module) .
[INFO] 18:06:22 HAPlayer: Playing stop_recording .
[INFO] 18:06:22 HAPlayer: stop_recording play end .
[INFO] 18:06:23 HATts: tts request succeed .
[INFO] 18:06:23 HAPlayer: Playing say.wav .
[INFO] 18:06:29 HAPlayer: say.wav play end .
[INFO] 18:06:37 HAInit: Detected awaken from snowboy/keyboard .
[INFO] 18:06:37 HAConversation: start new conversation .
[INFO] 18:06:37 HAConversation: start recording command .
[INFO] 18:06:37 HAPlayer: Playing start_recording .
[INFO] 18:06:37 HAPlayer: start_recording play end .
[INFO] 18:06:37 HARecorder: start vad record(record_with_vad module) .
[INFO] 18:06:40 HAPlayer: Playing stop_recording .
[INFO] 18:06:40 HAPlayer: stop_recording play end .
[INFO] 18:06:40 HAConversation: start speech to text .
[INFO] 18:06:40 HAStt: start speech to text .
[INFO] 18:06:40 HAStt: stt request time cost 0.633453 .
[DEBUG] 18:06:40 HAStt: stt response {'corpus_no': '7042610480927487015', 'err_msg': 'success.', 'err_no': 0, 'result': ['先发皮鞋，配送过去是吧？'], 'sn': '204104982761639735600'} .
[INFO] 18:06:40 HANlp: start text ecnet: text-先发皮鞋，配送过去是吧？ .
[INFO] 18:06:41 HAStt: speech recognition result(after text fixing): 先发皮鞋，配送过去式吧？ .
[INFO] 18:06:41 HAConversation: start recognizing the intent and slots .
[DEBUG] 18:06:41 HANlu: analyze result: [0, 'launch', 'tuling', {}] .
[INFO] 18:06:42 HATts: tts request succeed .
[INFO] 18:06:42 HAPlayer: Playing say.wav .
[INFO] 18:06:46 HAPlayer: say.wav play end .
[INFO] 18:06:46 HAInit: Detected awaken from snowboy/keyboard .
[INFO] 18:06:46 HAConversation: start new conversation .
[INFO] 18:06:46 HAConversation: start recording command .
[INFO] 18:06:46 HAPlayer: Playing start_recording .
[INFO] 18:06:47 HAPlayer: start_recording play end .
[INFO] 18:06:47 HARecorder: start vad record(record_with_vad module) .
[INFO] 18:06:57 HAPlayer: Playing stop_recording .
[INFO] 18:06:58 HAPlayer: stop_recording play end .
[INFO] 18:06:58 HAConversation: start speech to text .
[INFO] 18:06:58 HAStt: start speech to text .
[INFO] 18:06:59 HAStt: stt request time cost 0.844991 .
[DEBUG] 18:06:59 HAStt: stt response {'corpus_no': '7042610854569904612', 'err_msg': 'success.', 'err_no': 0, 'result': ['吧，我不是还有一个运动鞋吗？搞那么多运动鞋，烦烦烦，我都不喜欢他。'], 'sn': '267104700651639735618'} .
[INFO] 18:06:59 HANlp: start text ecnet: text-吧，我不是还有一个运动鞋吗？搞那么多运动鞋，烦烦烦，我都不喜欢他。 .
[INFO] 18:06:59 HAStt: speech recognition result(after text fixing): 吧，我不是还有一个运动鞋吗？搞那么多运动鞋，烦烦烦，我都不喜欢他。 .
[INFO] 18:06:59 HAConversation: start recognizing the intent and slots .
[DEBUG] 18:06:59 HANlu: analyze result: [0, 'launch', 'tuling', {}] .
[INFO] 18:07:00 HATts: tts request succeed .
[INFO] 18:07:00 HAPlayer: Playing say.wav .
[INFO] 18:07:01 HAPlayer: say.wav play end .
[INFO] 18:08:02 

            ###########################################
                         HadreamAssistant
                   ---Customize Work Assistant---
              (c)2021 Lanzhijiang all rights reserved
                  Email: lanzhijiang@foxmail.com
            ###########################################

         .
[INFO] 18:08:02 HABackendInit: HadreamAssistant start  .
[INFO] 18:08:02 HABackendInit: start self check .
[INFO] 18:08:02 HABackendInit: play the welcome speech(local play)  .
[INFO] 18:08:06 HABackendInit: Start pulseaudio .
[INFO] 18:08:07 HABackendInit: Start three threads .
[ERROR] 18:08:07 HAInit: keyboard awaken engine need to be run as root, exit .
[INFO] 18:08:07 HASnowboy: snowboy is now running... .
[INFO] 18:08:32 

            ###########################################
                         HadreamAssistant
                   ---Customize Work Assistant---
              (c)2021 Lanzhijiang all rights reserved
                  Email: lanzhijiang@foxmail.com
            ###########################################

         .
[INFO] 18:08:32 HABackendInit: HadreamAssistant start  .
[INFO] 18:08:32 HABackendInit: start self check .
[INFO] 18:08:32 HABackendInit: play the welcome speech(local play)  .
[INFO] 18:08:36 HABackendInit: Start pulseaudio .
[INFO] 18:08:37 HABackendInit: Start three threads .
[ERROR] 18:08:37 HAInit: keyboard awaken engine need to be run as root, exit .
[INFO] 18:08:37 HASnowboy: snowboy is now running... .
[INFO] 18:09:10 

            ###########################################
                         HadreamAssistant
                   ---Customize Work Assistant---
              (c)2021 Lanzhijiang all rights reserved
                  Email: lanzhijiang@foxmail.com
            ###########################################

         .
[INFO] 18:09:10 HABackendInit: HadreamAssistant start  .
[INFO] 18:09:10 HABackendInit: start self check .
[INFO] 18:09:10 HABackendInit: play the welcome speech(local play)  .
[INFO] 18:09:14 HABackendInit: Start pulseaudio .
[INFO] 18:09:14 HABackendInit: Start three threads .
[INFO] 18:09:14 HASnowboy: snowboy is now running... .
[ERROR] 18:09:14 HAInit: keyboard awaken engine need to be run as root, exit .
[INFO] 18:10:16 

            ###########################################
                         HadreamAssistant
                   ---Customize Work Assistant---
              (c)2021 Lanzhijiang all rights reserved
                  Email: lanzhijiang@foxmail.com
            ###########################################

         .
[INFO] 18:10:16 HABackendInit: HadreamAssistant start  .
[INFO] 18:10:16 HABackendInit: start self check .
[INFO] 18:10:16 HABackendInit: play the welcome speech(local play)  .
[INFO] 18:10:20 HABackendInit: Start pulseaudio .
[INFO] 18:10:20 HABackendInit: Start three threads .
[INFO] 18:10:20 HASnowboy: snowboy is now running... .
[ERROR] 18:10:20 HAInit: keyboard awaken engine need to be run as root, exit .
[INFO] 18:11:19 

            ###########################################
                         HadreamAssistant
                   ---Customize Work Assistant---
              (c)2021 Lanzhijiang all rights reserved
                  Email: lanzhijiang@foxmail.com
            ###########################################

         .
[INFO] 18:11:19 HABackendInit: HadreamAssistant start  .
[INFO] 18:11:19 HABackendInit: start self check .
[INFO] 18:11:19 HABackendInit: play the welcome speech(local play)  .
[INFO] 18:11:23 HABackendInit: Start pulseaudio .
[INFO] 18:11:24 HABackendInit: Start three threads .
[INFO] 18:11:24 HASnowboy: snowboy is now running... .
[ERROR] 18:11:24 HAInit: keyboard awaken engine need to be run as root, exit .
[INFO] 18:11:29 HAInit: Detected awaken from snowboy/keyboard .
[INFO] 18:11:29 HAConversation: start new conversation .
[INFO] 18:11:29 HAConversation: start recording command .
[INFO] 18:11:29 HAPlayer: Playing start_recording .
[INFO] 18:11:30 HAPlayer: start_recording play end .
[INFO] 18:11:30 HARecorder: start vad record(record_with_vad module) .
[INFO] 18:11:35 HAPlayer: Playing stop_recording .
[INFO] 18:11:36 HAPlayer: stop_recording play end .
[INFO] 18:11:36 HAConversation: start speech to text .
[INFO] 18:11:36 HAStt: start speech to text .
[INFO] 18:11:42 HAStt: stt request time cost 6.066152 .
[DEBUG] 18:11:42 HAStt: stt response {'corpus_no': '7042612070029965004', 'err_msg': 'success.', 'err_no': 0, 'result': ['小蓝同学吗？它误判率太高了，你们讲话讲得杂一点，她也会觉得你们这样。'], 'sn': '831733330551639735901'} .
[INFO] 18:11:42 HANlp: start text ecnet: text-小蓝同学吗？它误判率太高了，你们讲话讲得杂一点，她也会觉得你们这样。 .
[INFO] 18:11:42 HAStt: speech recognition result(after text fixing): 小蓝同学吗？它误判率太高了，你们讲话讲得杂一点，她也会觉得你们这样。 .
[INFO] 18:11:42 HAConversation: start recognizing the intent and slots .
[DEBUG] 18:11:42 HANlu: analyze result: [0, 'launch', 'tuling', {}] .
[INFO] 18:11:43 HATts: tts request succeed .
[INFO] 18:11:43 HAPlayer: Playing say.wav .
[INFO] 18:11:47 HAPlayer: say.wav play end .
[INFO] 18:13:01 HAInit: Detected awaken from snowboy/keyboard .
[INFO] 18:13:01 HAConversation: start new conversation .
[INFO] 18:13:01 HAConversation: start recording command .
[INFO] 18:13:01 HAPlayer: Playing start_recording .
[INFO] 18:13:01 HAPlayer: start_recording play end .
[INFO] 18:13:01 HARecorder: start vad record(record_with_vad module) .
[INFO] 18:13:08 HAPlayer: Playing stop_recording .
[INFO] 18:13:08 HAPlayer: stop_recording play end .
[INFO] 18:13:08 HAConversation: start speech to text .
[INFO] 18:13:08 HAStt: start speech to text .
[INFO] 18:13:09 HAStt: stt request time cost 0.602803 .
[DEBUG] 18:13:09 HAStt: stt response {'corpus_no': '7042612444016078630', 'err_msg': 'success.', 'err_no': 0, 'result': ['帮我预订一个会议哦。'], 'sn': '954336238111639735988'} .
[INFO] 18:13:09 HANlp: start text ecnet: text-帮我预订一个会议哦。 .
[INFO] 18:13:09 HAStt: speech recognition result(after text fixing): 帮我预订一个会议哦。 .
[INFO] 18:13:09 HAConversation: start recognizing the intent and slots .
[INFO] 18:13:09 HANlu: skill intent compared, notion-book_meeting .
[INFO] 18:13:09 HANlp: start text lexer: text-帮我预订一个会议哦。 .
[INFO] 18:13:09 HANlp: start lexer result process .
[INFO] 18:13:09 HANlu: start filling slot-date in nlp mode .
[INFO] 18:13:09 HANlu: cannot resolve slot from nlp's preset .
[INFO] 18:13:09 HANlu: ask slot is available, start ask slot .
[INFO] 18:13:10 HATts: tts request succeed .
[INFO] 18:13:10 HAPlayer: Playing say.wav .
[INFO] 18:13:14 HAPlayer: say.wav play end .
[INFO] 18:13:14 HAPlayer: Playing start_recording .
[INFO] 18:13:14 HAPlayer: start_recording play end .
[INFO] 18:13:14 HARecorder: start vad record(record_with_vad module) .
[INFO] 18:13:20 HAPlayer: Playing stop_recording .
[INFO] 18:13:20 HAPlayer: stop_recording play end .
[INFO] 18:13:20 HAStt: start speech to text .
[INFO] 18:13:21 HAStt: stt request time cost 0.489047 .
[DEBUG] 18:13:21 HAStt: stt response {'corpus_no': '7042612499543389236', 'err_msg': 'success.', 'err_no': 0, 'result': ['袁一泓想要在周一晚上八点半的时候举行会议。'], 'sn': '27699267711639736000'} .
[INFO] 18:13:21 HANlp: start text ecnet: text-袁一泓想要在周一晚上八点半的时候举行会议。 .
[INFO] 18:13:21 HAStt: speech recognition result(after text fixing): 袁一泓想要在周一晚上八点半的时候举行会议。 .
[INFO] 18:13:21 HANlp: start text lexer: text-袁一泓想要在周一晚上八点半的时候举行会议。 .
[INFO] 18:13:22 HANlp: start lexer result process .
[INFO] 18:13:22 HANlu: ask slot is not available, skip slot .
[INFO] 18:13:22 HANlu: start filling slot-attender in nlp mode .
[INFO] 18:13:22 HANlu: cannot resolve slot from nlp's preset .
[INFO] 18:13:22 HANlu: ask slot is not available, skip slot .
[DEBUG] 18:13:22 HANlu: analyze result: [0, 'book_meeting', 'notion', {'date': [{'offset': 6, 'length': 7, 'content': '周一晚上八点半', 'basic_words': ['周一', '晚上', '八', '点', '半'], 'ne': 'TIME', 'pos': ''}]}] .
[INFO] 18:13:22 HASkillNotion: start search handle_func, intent-book_meeting .
[INFO] 18:13:22 HASkillNotion: start intent_handler-book_meeting .
[INFO] 18:13:23 HATts: tts request succeed .
[INFO] 18:13:23 HAPlayer: Playing say.wav .
[INFO] 18:13:27 HAPlayer: say.wav play end .
[INFO] 18:13:27 HAPlayer: Playing start_recording .
[INFO] 18:13:27 HAPlayer: start_recording play end .
[INFO] 18:13:27 HARecorder: start vad record(record_with_vad module) .
[INFO] 18:13:33 HAPlayer: Playing stop_recording .
[INFO] 18:13:33 HAPlayer: stop_recording play end .
[INFO] 18:13:34 HATts: tts request succeed .
[INFO] 18:13:34 HAPlayer: Playing say.wav .
[INFO] 18:13:40 HAPlayer: say.wav play end .
[INFO] 18:13:43 HAInit: Detected awaken from snowboy/keyboard .
[INFO] 18:13:43 HAConversation: start new conversation .
[INFO] 18:13:43 HAConversation: start recording command .
[INFO] 18:13:43 HAPlayer: Playing start_recording .
[INFO] 18:13:43 HAPlayer: start_recording play end .
[INFO] 18:13:43 HARecorder: start vad record(record_with_vad module) .
[INFO] 18:13:46 HAPlayer: Playing stop_recording .
[INFO] 18:13:46 HAPlayer: stop_recording play end .
[INFO] 18:13:46 HAConversation: start speech to text .
[INFO] 18:13:46 HAStt: start speech to text .
[INFO] 18:13:47 HAStt: stt request time cost 0.461379 .
[DEBUG] 18:13:47 HAStt: stt response {'corpus_no': '7042612607110286098', 'err_msg': 'success.', 'err_no': 0, 'result': ['开个会。'], 'sn': '326927592261639736026'} .
[INFO] 18:13:47 HANlp: start text ecnet: text-开个会。 .
[INFO] 18:13:47 HAStt: speech recognition result(after text fixing): 开个会。 .
[INFO] 18:13:47 HAConversation: start recognizing the intent and slots .
[INFO] 18:13:47 HANlu: skill intent compared, notion-book_meeting .
[INFO] 18:13:47 HANlp: start text lexer: text-开个会。 .
[INFO] 18:13:47 HANlp: start lexer result process .
[INFO] 18:13:47 HANlu: start filling slot-date in nlp mode .
[INFO] 18:13:47 HANlu: cannot resolve slot from nlp's preset .
[INFO] 18:13:47 HANlu: ask slot is available, start ask slot .
[INFO] 18:13:48 HATts: tts request succeed .
[INFO] 18:13:48 HAPlayer: Playing say.wav .
[INFO] 18:13:52 HAPlayer: say.wav play end .
[INFO] 18:13:52 HAPlayer: Playing start_recording .
[INFO] 18:13:52 HAPlayer: start_recording play end .
[INFO] 18:13:52 HARecorder: start vad record(record_with_vad module) .
[INFO] 18:14:00 HAPlayer: Playing stop_recording .
[INFO] 18:14:00 HAPlayer: stop_recording play end .
[INFO] 18:14:00 HAStt: start speech to text .
[INFO] 18:14:01 HAStt: stt request time cost 0.498714 .
[DEBUG] 18:14:01 HAStt: stt response {'corpus_no': '7042612671584774810', 'err_msg': 'success.', 'err_no': 0, 'result': ['我想要吴悦雯在周一晚上八点半的时候开会。'], 'sn': '30640152271639736041'} .
[INFO] 18:14:01 HANlp: start text ecnet: text-我想要吴悦雯在周一晚上八点半的时候开会。 .
[INFO] 18:14:01 HAStt: speech recognition result(after text fixing): 我想要吴悦雯在周一晚上八点半的时候开会。 .
[INFO] 18:14:01 HANlp: start text lexer: text-我想要吴悦雯在周一晚上八点半的时候开会。 .
[INFO] 18:14:02 HANlp: start lexer result process .
[INFO] 18:14:02 HANlu: ask slot is not available, skip slot .
[INFO] 18:14:02 HANlu: start filling slot-attender in nlp mode .
[INFO] 18:14:02 HANlu: cannot resolve slot from nlp's preset .
[INFO] 18:14:02 HANlu: ask slot is not available, skip slot .
[DEBUG] 18:14:02 HANlu: analyze result: [0, 'book_meeting', 'notion', {'date': [{'offset': 7, 'length': 7, 'content': '周一晚上八点半', 'basic_words': ['周一', '晚上', '八', '点', '半'], 'ne': 'TIME', 'pos': ''}]}] .
[INFO] 18:14:02 HASkillNotion: start search handle_func, intent-book_meeting .
[INFO] 18:14:02 HASkillNotion: start intent_handler-book_meeting .
[INFO] 18:14:03 HATts: tts request succeed .
[INFO] 18:14:03 HAPlayer: Playing say.wav .
[INFO] 18:14:07 HAPlayer: say.wav play end .
[INFO] 18:14:07 HAPlayer: Playing start_recording .
[INFO] 18:14:07 HAPlayer: start_recording play end .
[INFO] 18:14:07 HARecorder: start vad record(record_with_vad module) .
[INFO] 18:21:15 

            ###########################################
                         HadreamAssistant
                   ---Customize Work Assistant---
              (c)2021 Lanzhijiang all rights reserved
                  Email: lanzhijiang@foxmail.com
            ###########################################

         .
[INFO] 18:21:15 HABackendInit: HadreamAssistant start  .
[INFO] 18:21:15 HABackendInit: start self check .
[INFO] 18:21:15 HABackendInit: play the welcome speech(local play)  .
[INFO] 18:21:19 HABackendInit: Start pulseaudio .
[INFO] 18:21:19 HABackendInit: Start three threads .
[INFO] 18:21:19 HASnowboy: snowboy is now running... .
[ERROR] 18:21:19 HAInit: keyboard awaken engine need to be run as root, exit .
[INFO] 18:21:50 

            ###########################################
                         HadreamAssistant
                   ---Customize Work Assistant---
              (c)2021 Lanzhijiang all rights reserved
                  Email: lanzhijiang@foxmail.com
            ###########################################

         .
[INFO] 18:21:50 HABackendInit: HadreamAssistant start  .
[INFO] 18:21:50 HABackendInit: start self check .
[INFO] 18:21:50 HABackendInit: play the welcome speech(local play)  .
[INFO] 18:21:54 HABackendInit: Start pulseaudio .
[INFO] 18:21:54 HABackendInit: Start three threads .
[ERROR] 18:21:54 HAInit: keyboard awaken engine need to be run as root, exit .
[INFO] 18:21:54 HASnowboy: snowboy is now running... .
[INFO] 18:21:57 HAInit: Detected awaken from snowboy/keyboard .
[INFO] 18:21:57 HAConversation: start new conversation .
[INFO] 18:21:57 HAConversation: start recording command .
[INFO] 18:21:57 HAPlayer: Playing start_recording .
[INFO] 18:21:58 HAPlayer: start_recording play end .
[INFO] 18:21:58 HARecorder: start vad record(record_with_vad module) .
[INFO] 18:22:07 HAPlayer: Playing stop_recording .
[INFO] 18:22:07 HAPlayer: stop_recording play end .
[INFO] 18:22:07 HAConversation: start speech to text .
[INFO] 18:22:07 HAStt: start speech to text .
[INFO] 18:22:13 HAStt: stt request time cost 6.078518 .
[DEBUG] 18:22:13 HAStt: stt response {'corpus_no': '7042614784595397584', 'err_msg': 'success.', 'err_no': 0, 'result': ['帮我预约一个会议，他也挺瘦的，但是但是穿在身上，这里露肉的话，会不会会手机必掉？'], 'sn': '571378983011639736532'} .
[INFO] 18:22:13 HANlp: start text ecnet: text-帮我预约一个会议，他也挺瘦的，但是但是穿在身上，这里露肉的话，会不会会手机必掉？ .
[INFO] 18:22:14 HAStt: speech recognition result(after text fixing): 帮我预约一个会议，他也挺瘦的，但是但是穿在身上，这里露肉的话，会不会会手机必掉？ .
[INFO] 18:22:14 HAConversation: start recognizing the intent and slots .
[INFO] 18:22:14 HANlu: skill intent compared, notion-book_meeting .
[INFO] 18:22:14 HANlp: start text lexer: text-帮我预约一个会议，他也挺瘦的，但是但是穿在身上，这里露肉的话，会不会会手机必掉？ .
[INFO] 18:22:14 HANlp: start lexer result process .
[INFO] 18:22:14 HANlu: start filling slot-date in nlp mode .
[INFO] 18:22:14 HANlu: cannot resolve slot from nlp's preset .
[INFO] 18:22:14 HANlu: ask slot is available, start ask slot .
[INFO] 18:22:15 HATts: tts request succeed .
[INFO] 18:22:15 HAPlayer: Playing say.wav .
[INFO] 18:22:18 HAPlayer: say.wav play end .
[INFO] 18:22:18 HAPlayer: Playing start_recording .
[INFO] 18:22:19 HAPlayer: start_recording play end .
[INFO] 18:22:19 HARecorder: start vad record(record_with_vad module) .
[INFO] 18:22:24 HAPlayer: Playing stop_recording .
[INFO] 18:22:24 HAPlayer: stop_recording play end .
[INFO] 18:22:24 HAStt: start speech to text .
[INFO] 18:22:25 HAStt: stt request time cost 0.720058 .
[DEBUG] 18:22:25 HAStt: stt response {'corpus_no': '7042614836119830308', 'err_msg': 'success.', 'err_no': 0, 'result': ['原来的不在玫红红想要在周五晚上举行会议。'], 'sn': '743811316571639736545'} .
[INFO] 18:22:25 HANlp: start text ecnet: text-原来的不在玫红红想要在周五晚上举行会议。 .
[INFO] 18:22:26 HAStt: speech recognition result(after text fixing): 原来的不在玫红红想要在周五晚上举行会议。 .
[INFO] 18:22:26 HANlp: start text lexer: text-原来的不在玫红红想要在周五晚上举行会议。 .
[INFO] 18:22:26 HANlp: start lexer result process .
[INFO] 18:22:26 HANlu: ask slot is not available, skip slot .
[INFO] 18:22:26 HANlu: start filling slot-attender in nlp mode .
[INFO] 18:22:26 HANlu: cannot resolve slot from nlp's preset .
[INFO] 18:22:26 HANlu: ask slot is not available, skip slot .
[DEBUG] 18:22:26 HANlu: analyze result: [0, 'book_meeting', 'notion', {'date': [{'offset': 11, 'length': 4, 'content': '周五晚上', 'basic_words': ['周五', '晚上'], 'ne': 'TIME', 'pos': ''}]}] .
[INFO] 18:22:26 HASkillNotion: start search handle_func, intent-book_meeting .
[INFO] 18:22:26 HASkillNotion: start intent_handler-book_meeting .
[INFO] 18:22:27 HATts: tts request succeed .
[INFO] 18:22:27 HAPlayer: Playing say.wav .
[INFO] 18:22:31 HAPlayer: say.wav play end .
[INFO] 18:22:31 HAPlayer: Playing start_recording .
[INFO] 18:22:32 HAPlayer: start_recording play end .
[INFO] 18:22:32 HARecorder: start vad record(record_with_vad module) .
[INFO] 18:22:34 HAPlayer: Playing stop_recording .
[INFO] 18:22:35 HAPlayer: stop_recording play end .
[INFO] 18:22:36 HATts: tts request succeed .
[INFO] 18:22:36 HAPlayer: Playing say.wav .
[INFO] 18:22:41 HAPlayer: say.wav play end .
[INFO] 18:22:41 HAInit: Detected awaken from snowboy/keyboard .
[INFO] 18:22:41 HAConversation: start new conversation .
[INFO] 18:22:41 HAConversation: start recording command .
[INFO] 18:22:41 HAPlayer: Playing start_recording .
[INFO] 18:22:42 HAPlayer: start_recording play end .
[INFO] 18:22:42 HARecorder: start vad record(record_with_vad module) .
[INFO] 18:22:48 HAPlayer: Playing stop_recording .
[INFO] 18:22:48 HAPlayer: stop_recording play end .
[INFO] 18:22:48 HAConversation: start speech to text .
[INFO] 18:22:48 HAStt: start speech to text .
[INFO] 18:22:48 HAStt: stt request time cost 0.450338 .
[DEBUG] 18:22:48 HAStt: stt response {'corpus_no': '7042614934958733338', 'err_msg': 'success.', 'err_no': 0, 'result': ['小小码，小码穿吗？'], 'sn': '526196133761639736568'} .
[INFO] 18:22:48 HANlp: start text ecnet: text-小小码，小码穿吗？ .
[INFO] 18:22:49 HAStt: speech recognition result(after text fixing): 小小码，小码穿吗？ .
[INFO] 18:22:49 HAConversation: start recognizing the intent and slots .
[DEBUG] 18:22:49 HANlu: analyze result: [0, 'launch', 'tuling', {}] .
[INFO] 18:22:50 HATts: tts request succeed .
[INFO] 18:22:50 HAPlayer: Playing say.wav .
[INFO] 18:22:52 HAPlayer: say.wav play end .
[INFO] 18:22:53 HAInit: Detected awaken from snowboy/keyboard .
[INFO] 18:22:53 HAConversation: start new conversation .
[INFO] 18:22:53 HAConversation: start recording command .
[INFO] 18:22:53 HAPlayer: Playing start_recording .
[INFO] 18:22:53 HAPlayer: start_recording play end .
[INFO] 18:22:53 HARecorder: start vad record(record_with_vad module) .